2016/08/31 11:22:02 [error] [exception.CHttpException.403] exception 'CHttpException' with message 'You are not authorized to perform this action.' in /var/www/yii/framework/web/auth/CAccessControlFilter.php:182
Stack trace:
#0 /var/www/yii/framework/web/auth/CAccessControlFilter.php(145): CAccessControlFilter->accessDenied(Object(CWebUser), 'You are not aut...')
#1 /var/www/yii/framework/web/filters/CFilter.php(38): CAccessControlFilter->preFilter(Object(CFilterChain))
#2 /var/www/yii/framework/web/CController.php(1145): CFilter->filter(Object(CFilterChain))
#3 /var/www/yii/framework/web/filters/CInlineFilter.php(58): CController->filterAccessControl(Object(CFilterChain))
#4 /var/www/yii/framework/web/filters/CFilterChain.php(130): CInlineFilter->filter(Object(CFilterChain))
#5 /var/www/yii/framework/web/CController.php(291): CFilterChain->run()
#6 /var/www/yii/framework/web/CController.php(265): CController->runActionWithFilters(Object(CInlineAction), Array)
#7 /var/www/yii/framework/web/CWebApplication.php(282): CController->run('admin')
#8 /var/www/yii/framework/web/CWebApplication.php(141): CWebApplication->runController('investorMaster/...')
#9 /var/www/yii/framework/base/CApplication.php(185): CWebApplication->processRequest()
#10 /var/www/shiftgear_transaction/index.php(13): CApplication->run()
#11 {main}
REQUEST_URI=/shiftgear_transaction/index.php?r=investorMaster/admin
HTTP_REFERER=http://localhost/shiftgear_transaction/index.php?r=site/login
---
2016/08/31 11:22:14 [error] [exception.CHttpException.403] exception 'CHttpException' with message 'You are not authorized to perform this action.' in /var/www/yii/framework/web/auth/CAccessControlFilter.php:182
Stack trace:
#0 /var/www/yii/framework/web/auth/CAccessControlFilter.php(145): CAccessControlFilter->accessDenied(Object(CWebUser), 'You are not aut...')
#1 /var/www/yii/framework/web/filters/CFilter.php(38): CAccessControlFilter->preFilter(Object(CFilterChain))
#2 /var/www/yii/framework/web/CController.php(1145): CFilter->filter(Object(CFilterChain))
#3 /var/www/yii/framework/web/filters/CInlineFilter.php(58): CController->filterAccessControl(Object(CFilterChain))
#4 /var/www/yii/framework/web/filters/CFilterChain.php(130): CInlineFilter->filter(Object(CFilterChain))
#5 /var/www/yii/framework/web/CController.php(291): CFilterChain->run()
#6 /var/www/yii/framework/web/CController.php(265): CController->runActionWithFilters(Object(CInlineAction), Array)
#7 /var/www/yii/framework/web/CWebApplication.php(282): CController->run('admin')
#8 /var/www/yii/framework/web/CWebApplication.php(141): CWebApplication->runController('investorMaster/...')
#9 /var/www/yii/framework/base/CApplication.php(185): CWebApplication->processRequest()
#10 /var/www/shiftgear_transaction/index.php(13): CApplication->run()
#11 {main}
REQUEST_URI=/shiftgear_transaction/index.php?r=investorMaster/admin
HTTP_REFERER=http://localhost/shiftgear_transaction/index.php?r=site/login
---
2016/08/31 11:53:02 [error] [php] Undefined variable: model (/var/www/shiftgear_transaction/protected/views/site/login.php:28)
Stack trace:
#0 /var/www/yii/framework/web/CController.php(869): SiteController->renderFile()
#1 /var/www/yii/framework/web/CController.php(782): SiteController->renderPartial()
#2 /var/www/shiftgear_transaction/protected/controllers/SiteController.php(32): SiteController->render()
#3 /var/www/yii/framework/web/actions/CInlineAction.php(49): SiteController->actionIndex()
#4 /var/www/yii/framework/web/CController.php(308): CInlineAction->runWithParams()
#5 /var/www/yii/framework/web/CController.php(286): SiteController->runAction()
#6 /var/www/yii/framework/web/CController.php(265): SiteController->runActionWithFilters()
#7 /var/www/yii/framework/web/CWebApplication.php(282): SiteController->run()
#8 /var/www/yii/framework/web/CWebApplication.php(141): CWebApplication->runController()
#9 /var/www/yii/framework/base/CApplication.php(185): CWebApplication->processRequest()
#10 /var/www/shiftgear_transaction/index.php(13): CWebApplication->run()
REQUEST_URI=/shiftgear_transaction/
in /var/www/shiftgear_transaction/protected/views/site/login.php (28)
in /var/www/shiftgear_transaction/protected/controllers/SiteController.php (32)
in /var/www/shiftgear_transaction/index.php (13)
2016/08/31 11:53:13 [error] [php] Undefined variable: model (/var/www/shiftgear_transaction/protected/views/site/login.php:28)
Stack trace:
#0 /var/www/yii/framework/web/CController.php(869): SiteController->renderFile()
#1 /var/www/yii/framework/web/CController.php(782): SiteController->renderPartial()
#2 /var/www/shiftgear_transaction/protected/controllers/SiteController.php(32): SiteController->render()
#3 /var/www/yii/framework/web/actions/CInlineAction.php(49): SiteController->actionIndex()
#4 /var/www/yii/framework/web/CController.php(308): CInlineAction->runWithParams()
#5 /var/www/yii/framework/web/CController.php(286): SiteController->runAction()
#6 /var/www/yii/framework/web/CController.php(265): SiteController->runActionWithFilters()
#7 /var/www/yii/framework/web/CWebApplication.php(282): SiteController->run()
#8 /var/www/yii/framework/web/CWebApplication.php(141): CWebApplication->runController()
#9 /var/www/yii/framework/base/CApplication.php(185): CWebApplication->processRequest()
#10 /var/www/shiftgear_transaction/index.php(13): CWebApplication->run()
REQUEST_URI=/shiftgear_transaction/
in /var/www/shiftgear_transaction/protected/views/site/login.php (28)
in /var/www/shiftgear_transaction/protected/controllers/SiteController.php (32)
in /var/www/shiftgear_transaction/index.php (13)
2016/08/31 11:54:36 [error] [php] Undefined variable: model (/var/www/shiftgear_transaction/protected/views/site/login.php:28)
Stack trace:
#0 /var/www/yii/framework/web/CController.php(869): SiteController->renderFile()
#1 /var/www/yii/framework/web/CController.php(782): SiteController->renderPartial()
#2 /var/www/shiftgear_transaction/protected/controllers/SiteController.php(32): SiteController->render()
#3 /var/www/yii/framework/web/actions/CInlineAction.php(49): SiteController->actionIndex()
#4 /var/www/yii/framework/web/CController.php(308): CInlineAction->runWithParams()
#5 /var/www/yii/framework/web/CController.php(286): SiteController->runAction()
#6 /var/www/yii/framework/web/CController.php(265): SiteController->runActionWithFilters()
#7 /var/www/yii/framework/web/CWebApplication.php(282): SiteController->run()
#8 /var/www/yii/framework/web/CWebApplication.php(141): CWebApplication->runController()
#9 /var/www/yii/framework/base/CApplication.php(185): CWebApplication->processRequest()
#10 /var/www/shiftgear_transaction/index.php(13): CWebApplication->run()
REQUEST_URI=/shiftgear_transaction/
in /var/www/shiftgear_transaction/protected/views/site/login.php (28)
in /var/www/shiftgear_transaction/protected/controllers/SiteController.php (32)
in /var/www/shiftgear_transaction/index.php (13)
2016/08/31 11:57:13 [error] [exception.CHttpException.403] exception 'CHttpException' with message 'You are not authorized to perform this action.' in /var/www/yii/framework/web/auth/CAccessControlFilter.php:182
Stack trace:
#0 /var/www/yii/framework/web/auth/CAccessControlFilter.php(145): CAccessControlFilter->accessDenied(Object(CWebUser), 'You are not aut...')
#1 /var/www/yii/framework/web/filters/CFilter.php(38): CAccessControlFilter->preFilter(Object(CFilterChain))
#2 /var/www/yii/framework/web/CController.php(1145): CFilter->filter(Object(CFilterChain))
#3 /var/www/yii/framework/web/filters/CInlineFilter.php(58): CController->filterAccessControl(Object(CFilterChain))
#4 /var/www/yii/framework/web/filters/CFilterChain.php(130): CInlineFilter->filter(Object(CFilterChain))
#5 /var/www/yii/framework/web/CController.php(291): CFilterChain->run()
#6 /var/www/yii/framework/web/CController.php(265): CController->runActionWithFilters(Object(CInlineAction), Array)
#7 /var/www/yii/framework/web/CWebApplication.php(282): CController->run('admin')
#8 /var/www/yii/framework/web/CWebApplication.php(141): CWebApplication->runController('investorMaster/...')
#9 /var/www/yii/framework/base/CApplication.php(185): CWebApplication->processRequest()
#10 /var/www/shiftgear_transaction/index.php(13): CApplication->run()
#11 {main}
REQUEST_URI=/shiftgear_transaction/index.php?r=investorMaster/admin
HTTP_REFERER=http://localhost/shiftgear_transaction/index.php
---
2016/08/31 12:05:57 [error] [exception.CHttpException.403] exception 'CHttpException' with message 'You are not authorized to perform this action.' in /var/www/yii/framework/web/auth/CAccessControlFilter.php:182
Stack trace:
#0 /var/www/yii/framework/web/auth/CAccessControlFilter.php(145): CAccessControlFilter->accessDenied(Object(CWebUser), 'You are not aut...')
#1 /var/www/yii/framework/web/filters/CFilter.php(38): CAccessControlFilter->preFilter(Object(CFilterChain))
#2 /var/www/yii/framework/web/CController.php(1145): CFilter->filter(Object(CFilterChain))
#3 /var/www/yii/framework/web/filters/CInlineFilter.php(58): CController->filterAccessControl(Object(CFilterChain))
#4 /var/www/yii/framework/web/filters/CFilterChain.php(130): CInlineFilter->filter(Object(CFilterChain))
#5 /var/www/yii/framework/web/CController.php(291): CFilterChain->run()
#6 /var/www/yii/framework/web/CController.php(265): CController->runActionWithFilters(Object(CInlineAction), Array)
#7 /var/www/yii/framework/web/CWebApplication.php(282): CController->run('admin')
#8 /var/www/yii/framework/web/CWebApplication.php(141): CWebApplication->runController('investorMaster/...')
#9 /var/www/yii/framework/base/CApplication.php(185): CWebApplication->processRequest()
#10 /var/www/shiftgear_transaction/index.php(13): CApplication->run()
#11 {main}
REQUEST_URI=/shiftgear_transaction/index.php?r=investorMaster/admin
HTTP_REFERER=http://localhost/shiftgear_transaction/index.php
---
2016/08/31 12:08:48 [error] [exception.CException] exception 'CException' with message 'SiteController cannot find the requested view "admin".' in /var/www/yii/framework/web/CController.php:878
Stack trace:
#0 /var/www/yii/framework/web/CController.php(782): CController->renderPartial('admin', Array, true)
#1 /var/www/shiftgear_transaction/protected/controllers/SiteController.php(57): CController->render('admin', Array)
#2 /var/www/yii/framework/web/actions/CInlineAction.php(49): SiteController->actionIndex()
#3 /var/www/yii/framework/web/CController.php(308): CInlineAction->runWithParams(Array)
#4 /var/www/yii/framework/web/CController.php(286): CController->runAction(Object(CInlineAction))
#5 /var/www/yii/framework/web/CController.php(265): CController->runActionWithFilters(Object(CInlineAction), Array)
#6 /var/www/yii/framework/web/CWebApplication.php(282): CController->run('')
#7 /var/www/yii/framework/web/CWebApplication.php(141): CWebApplication->runController('')
#8 /var/www/yii/framework/base/CApplication.php(185): CWebApplication->processRequest()
#9 /var/www/shiftgear_transaction/index.php(13): CApplication->run()
#10 {main}
REQUEST_URI=/shiftgear_transaction/index.php
HTTP_REFERER=http://localhost/shiftgear_transaction/index.php
---
2016/08/31 12:08:54 [error] [exception.CException] exception 'CException' with message 'SiteController cannot find the requested view "admin".' in /var/www/yii/framework/web/CController.php:878
Stack trace:
#0 /var/www/yii/framework/web/CController.php(782): CController->renderPartial('admin', Array, true)
#1 /var/www/shiftgear_transaction/protected/controllers/SiteController.php(57): CController->render('admin', Array)
#2 /var/www/yii/framework/web/actions/CInlineAction.php(49): SiteController->actionIndex()
#3 /var/www/yii/framework/web/CController.php(308): CInlineAction->runWithParams(Array)
#4 /var/www/yii/framework/web/CController.php(286): CController->runAction(Object(CInlineAction))
#5 /var/www/yii/framework/web/CController.php(265): CController->runActionWithFilters(Object(CInlineAction), Array)
#6 /var/www/yii/framework/web/CWebApplication.php(282): CController->run('')
#7 /var/www/yii/framework/web/CWebApplication.php(141): CWebApplication->runController('')
#8 /var/www/yii/framework/base/CApplication.php(185): CWebApplication->processRequest()
#9 /var/www/shiftgear_transaction/index.php(13): CApplication->run()
#10 {main}
REQUEST_URI=/shiftgear_transaction/index.php
HTTP_REFERER=http://localhost/shiftgear_transaction/index.php?r=site/login
---
2016/08/31 12:09:15 [error] [exception.CException] exception 'CException' with message 'SiteController cannot find the requested view "_search".' in /var/www/yii/framework/web/CController.php:878
Stack trace:
#0 /var/www/shiftgear_transaction/protected/views/booking/admin.php(40): CController->renderPartial('_search', Array)
#1 /var/www/yii/framework/web/CBaseController.php(126): require('/var/www/shiftg...')
#2 /var/www/yii/framework/web/CBaseController.php(95): CBaseController->renderInternal('/var/www/shiftg...', Array, true)
#3 /var/www/yii/framework/web/CController.php(869): CBaseController->renderFile('/var/www/shiftg...', Array, true)
#4 /var/www/yii/framework/web/CController.php(782): CController->renderPartial('/booking/admin', Array, true)
#5 /var/www/shiftgear_transaction/protected/controllers/SiteController.php(57): CController->render('/booking/admin', Array)
#6 /var/www/yii/framework/web/actions/CInlineAction.php(49): SiteController->actionIndex()
#7 /var/www/yii/framework/web/CController.php(308): CInlineAction->runWithParams(Array)
#8 /var/www/yii/framework/web/CController.php(286): CController->runAction(Object(CInlineAction))
#9 /var/www/yii/framework/web/CController.php(265): CController->runActionWithFilters(Object(CInlineAction), Array)
#10 /var/www/yii/framework/web/CWebApplication.php(282): CController->run('')
#11 /var/www/yii/framework/web/CWebApplication.php(141): CWebApplication->runController('')
#12 /var/www/yii/framework/base/CApplication.php(185): CWebApplication->processRequest()
#13 /var/www/shiftgear_transaction/index.php(13): CApplication->run()
#14 {main}
REQUEST_URI=/shiftgear_transaction/index.php
HTTP_REFERER=http://localhost/shiftgear_transaction/index.php?r=site/login
---
2016/09/02 18:01:20 [error] [exception.CException] exception 'CException' with message 'Alias "application.extensions.jui.EDatePicker" is invalid. Make sure it points to an existing PHP file and the file is readable.' in /var/www/yii/framework/YiiBase.php:323
Stack trace:
#0 /var/www/yii/framework/web/CWidgetFactory.php(146): YiiBase::import('application.ext...', true)
#1 /var/www/yii/framework/web/CBaseController.php(146): CWidgetFactory->createWidget(Object(InvestorMasterController), 'application.ext...', Array)
#2 /var/www/yii/framework/web/CBaseController.php(180): CBaseController->createWidget('application.ext...', Array)
#3 /var/www/shiftgear_transaction/protected/views/investorMaster/_form.php(69): CBaseController->widget('application.ext...', Array)
#4 /var/www/yii/framework/web/CBaseController.php(126): require('/var/www/shiftg...')
#5 /var/www/yii/framework/web/CBaseController.php(95): CBaseController->renderInternal('/var/www/shiftg...', Array, true)
#6 /var/www/yii/framework/web/CController.php(869): CBaseController->renderFile('/var/www/shiftg...', Array, true)
#7 /var/www/shiftgear_transaction/protected/views/investorMaster/create.php(18): CController->renderPartial('_form', Array)
#8 /var/www/yii/framework/web/CBaseController.php(126): require('/var/www/shiftg...')
#9 /var/www/yii/framework/web/CBaseController.php(95): CBaseController->renderInternal('/var/www/shiftg...', Array, true)
#10 /var/www/yii/framework/web/CController.php(869): CBaseController->renderFile('/var/www/shiftg...', Array, true)
#11 /var/www/yii/framework/web/CController.php(782): CController->renderPartial('create', Array, true)
#12 /var/www/shiftgear_transaction/protected/controllers/InvestorMasterController.php(79): CController->render('create', Array)
#13 /var/www/yii/framework/web/actions/CInlineAction.php(49): InvestorMasterController->actionCreate()
#14 /var/www/yii/framework/web/CController.php(308): CInlineAction->runWithParams(Array)
#15 /var/www/yii/framework/web/filters/CFilterChain.php(133): CController->runAction(Object(CInlineAction))
#16 /var/www/yii/framework/web/filters/CFilter.php(40): CFilterChain->run()
#17 /var/www/yii/framework/web/CController.php(1145): CFilter->filter(Object(CFilterChain))
#18 /var/www/yii/framework/web/filters/CInlineFilter.php(58): CController->filterAccessControl(Object(CFilterChain))
#19 /var/www/yii/framework/web/filters/CFilterChain.php(130): CInlineFilter->filter(Object(CFilterChain))
#20 /var/www/yii/framework/web/CController.php(291): CFilterChain->run()
#21 /var/www/yii/framework/web/CController.php(265): CController->runActionWithFilters(Object(CInlineAction), Array)
#22 /var/www/yii/framework/web/CWebApplication.php(282): CController->run('create')
#23 /var/www/yii/framework/web/CWebApplication.php(141): CWebApplication->runController('investorMaster/...')
#24 /var/www/yii/framework/base/CApplication.php(185): CWebApplication->processRequest()
#25 /var/www/shiftgear_transaction/index.php(13): CApplication->run()
#26 {main}
REQUEST_URI=/shiftgear_transaction/index.php?r=investorMaster/create
---
2016/09/02 18:55:55 [warning] [application] Failed to set unsafe attribute "notes" of "Booking".
in /var/www/shiftgear_transaction/protected/controllers/BookingController.php (72)
in /var/www/shiftgear_transaction/index.php (13)
2016/09/06 16:25:32 [error] [exception.CException] exception 'CException' with message 'BookingController contains improperly nested widget tags in its view "/var/www/shiftgear_transaction/protected/views/booking/_form.php". A CActiveForm widget does not have an endWidget() call.' in /var/www/yii/framework/web/CBaseController.php:101
Stack trace:
#0 /var/www/yii/framework/web/CController.php(869): CBaseController->renderFile('/var/www/shiftg...', Array, true)
#1 /var/www/shiftgear_transaction/protected/views/booking/create.php(18): CController->renderPartial('_form', Array)
#2 /var/www/yii/framework/web/CBaseController.php(126): require('/var/www/shiftg...')
#3 /var/www/yii/framework/web/CBaseController.php(95): CBaseController->renderInternal('/var/www/shiftg...', Array, true)
#4 /var/www/yii/framework/web/CController.php(869): CBaseController->renderFile('/var/www/shiftg...', Array, true)
#5 /var/www/yii/framework/web/CController.php(782): CController->renderPartial('create', Array, true)
#6 /var/www/shiftgear_transaction/protected/controllers/BookingController.php(79): CController->render('create', Array)
#7 /var/www/yii/framework/web/actions/CInlineAction.php(49): BookingController->actionCreate()
#8 /var/www/yii/framework/web/CController.php(308): CInlineAction->runWithParams(Array)
#9 /var/www/yii/framework/web/filters/CFilterChain.php(133): CController->runAction(Object(CInlineAction))
#10 /var/www/yii/framework/web/filters/CFilter.php(40): CFilterChain->run()
#11 /var/www/yii/framework/web/CController.php(1145): CFilter->filter(Object(CFilterChain))
#12 /var/www/yii/framework/web/filters/CInlineFilter.php(58): CController->filterAccessControl(Object(CFilterChain))
#13 /var/www/yii/framework/web/filters/CFilterChain.php(130): CInlineFilter->filter(Object(CFilterChain))
#14 /var/www/yii/framework/web/CController.php(291): CFilterChain->run()
#15 /var/www/yii/framework/web/CController.php(265): CController->runActionWithFilters(Object(CInlineAction), Array)
#16 /var/www/yii/framework/web/CWebApplication.php(282): CController->run('create')
#17 /var/www/yii/framework/web/CWebApplication.php(141): CWebApplication->runController('booking/create')
#18 /var/www/yii/framework/base/CApplication.php(185): CWebApplication->processRequest()
#19 /var/www/shiftgear_transaction/index.php(13): CApplication->run()
#20 {main}
REQUEST_URI=/shiftgear_transaction/index.php?r=booking/create
HTTP_REFERER=http://localhost/shiftgear_transaction/index.php?r=booking/admin
---
2016/10/07 17:44:53 [warning] [application] Failed to set unsafe attribute "cycle_id" of "Booking".
in /var/www/shiftgear_transaction/protected/controllers/BookingController.php (72)
in /var/www/shiftgear_transaction/index.php (13)
2016/10/07 17:44:53 [warning] [application] Failed to set unsafe attribute "notes" of "Booking".
in /var/www/shiftgear_transaction/protected/controllers/BookingController.php (72)
in /var/www/shiftgear_transaction/index.php (13)
2016/10/07 17:45:48 [warning] [application] Failed to set unsafe attribute "cycle_id" of "Booking".
in /var/www/shiftgear_transaction/protected/controllers/BookingController.php (72)
in /var/www/shiftgear_transaction/index.php (13)
2016/10/07 17:45:48 [warning] [application] Failed to set unsafe attribute "notes" of "Booking".
in /var/www/shiftgear_transaction/protected/controllers/BookingController.php (72)
in /var/www/shiftgear_transaction/index.php (13)
2016/10/07 17:47:46 [warning] [application] Failed to set unsafe attribute "cycle_id" of "Booking".
in /var/www/shiftgear_transaction/protected/controllers/BookingController.php (72)
in /var/www/shiftgear_transaction/index.php (13)
2016/10/07 17:47:46 [warning] [application] Failed to set unsafe attribute "notes" of "Booking".
in /var/www/shiftgear_transaction/protected/controllers/BookingController.php (72)
in /var/www/shiftgear_transaction/index.php (13)
2016/10/07 17:49:51 [warning] [application] Failed to set unsafe attribute "cycle_id" of "Booking".
in /var/www/shiftgear_transaction/protected/controllers/BookingController.php (72)
in /var/www/shiftgear_transaction/index.php (13)
2016/10/07 17:49:51 [warning] [application] Failed to set unsafe attribute "notes" of "Booking".
in /var/www/shiftgear_transaction/protected/controllers/BookingController.php (72)
in /var/www/shiftgear_transaction/index.php (13)
2016/10/07 17:50:46 [warning] [application] Failed to set unsafe attribute "cycle_id" of "Booking".
in /var/www/shiftgear_transaction/protected/controllers/BookingController.php (72)
in /var/www/shiftgear_transaction/index.php (13)
2016/10/07 17:50:46 [warning] [application] Failed to set unsafe attribute "notes" of "Booking".
in /var/www/shiftgear_transaction/protected/controllers/BookingController.php (72)
in /var/www/shiftgear_transaction/index.php (13)
2016/10/07 17:51:15 [warning] [application] Failed to set unsafe attribute "cycle_id" of "Booking".
in /var/www/shiftgear_transaction/protected/controllers/BookingController.php (72)
in /var/www/shiftgear_transaction/index.php (13)
2016/10/07 17:51:15 [warning] [application] Failed to set unsafe attribute "notes" of "Booking".
in /var/www/shiftgear_transaction/protected/controllers/BookingController.php (72)
in /var/www/shiftgear_transaction/index.php (13)
2016/10/07 17:51:15 [error] [php] Trying to get property of non-object (/var/www/shiftgear_transaction/protected/controllers/BookingController.php:73)
Stack trace:
#0 /var/www/yii/framework/web/filters/CFilterChain.php(133): BookingController->runAction()
#1 /var/www/yii/framework/web/filters/CFilter.php(40): CFilterChain->run()
#2 /var/www/yii/framework/web/CController.php(1145): CAccessControlFilter->filter()
#3 /var/www/yii/framework/web/filters/CInlineFilter.php(58): BookingController->filterAccessControl()
#4 /var/www/yii/framework/web/filters/CFilterChain.php(130): CInlineFilter->filter()
#5 /var/www/yii/framework/web/CController.php(291): CFilterChain->run()
#6 /var/www/yii/framework/web/CController.php(265): BookingController->runActionWithFilters()
#7 /var/www/yii/framework/web/CWebApplication.php(282): BookingController->run()
#8 /var/www/yii/framework/web/CWebApplication.php(141): CWebApplication->runController()
#9 /var/www/yii/framework/base/CApplication.php(185): CWebApplication->processRequest()
#10 /var/www/shiftgear_transaction/index.php(13): CWebApplication->run()
REQUEST_URI=/shiftgear_transaction/index.php?r=booking/create
in /var/www/shiftgear_transaction/protected/controllers/BookingController.php (73)
in /var/www/shiftgear_transaction/index.php (13)
2016/10/07 17:51:46 [warning] [application] Failed to set unsafe attribute "cycle_id" of "Booking".
in /var/www/shiftgear_transaction/protected/controllers/BookingController.php (72)
in /var/www/shiftgear_transaction/index.php (13)
2016/10/07 17:51:46 [warning] [application] Failed to set unsafe attribute "notes" of "Booking".
in /var/www/shiftgear_transaction/protected/controllers/BookingController.php (72)
in /var/www/shiftgear_transaction/index.php (13)
2016/10/07 17:53:30 [warning] [application] Failed to set unsafe attribute "cycle_id" of "Booking".
in /var/www/shiftgear_transaction/protected/controllers/BookingController.php (72)
in /var/www/shiftgear_transaction/index.php (13)
2016/10/07 17:53:30 [warning] [application] Failed to set unsafe attribute "notes" of "Booking".
in /var/www/shiftgear_transaction/protected/controllers/BookingController.php (72)
in /var/www/shiftgear_transaction/index.php (13)
2016/10/07 17:55:00 [warning] [application] Failed to set unsafe attribute "cycle_id" of "Booking".
in /var/www/shiftgear_transaction/protected/controllers/BookingController.php (72)
in /var/www/shiftgear_transaction/index.php (13)
2016/10/07 17:55:00 [warning] [application] Failed to set unsafe attribute "notes" of "Booking".
in /var/www/shiftgear_transaction/protected/controllers/BookingController.php (72)
in /var/www/shiftgear_transaction/index.php (13)
2016/10/07 17:57:33 [warning] [application] Failed to set unsafe attribute "cycle_id" of "Booking".
in /var/www/shiftgear_transaction/protected/controllers/BookingController.php (72)
in /var/www/shiftgear_transaction/index.php (13)
2016/10/07 17:57:33 [warning] [application] Failed to set unsafe attribute "notes" of "Booking".
in /var/www/shiftgear_transaction/protected/controllers/BookingController.php (72)
in /var/www/shiftgear_transaction/index.php (13)
2016/10/07 17:58:37 [warning] [application] Failed to set unsafe attribute "cycle_id" of "Booking".
in /var/www/shiftgear_transaction/protected/controllers/BookingController.php (72)
in /var/www/shiftgear_transaction/index.php (13)
2016/10/07 17:58:37 [warning] [application] Failed to set unsafe attribute "notes" of "Booking".
in /var/www/shiftgear_transaction/protected/controllers/BookingController.php (72)
in /var/www/shiftgear_transaction/index.php (13)
2016/10/07 17:59:04 [warning] [application] Failed to set unsafe attribute "cycle_id" of "Booking".
in /var/www/shiftgear_transaction/protected/controllers/BookingController.php (72)
in /var/www/shiftgear_transaction/index.php (13)
2016/10/07 17:59:04 [warning] [application] Failed to set unsafe attribute "notes" of "Booking".
in /var/www/shiftgear_transaction/protected/controllers/BookingController.php (72)
in /var/www/shiftgear_transaction/index.php (13)
2016/10/07 18:00:27 [warning] [application] Failed to set unsafe attribute "cycle_id" of "Booking".
in /var/www/shiftgear_transaction/protected/controllers/BookingController.php (72)
in /var/www/shiftgear_transaction/index.php (13)
2016/10/07 18:00:27 [warning] [application] Failed to set unsafe attribute "notes" of "Booking".
in /var/www/shiftgear_transaction/protected/controllers/BookingController.php (72)
in /var/www/shiftgear_transaction/index.php (13)
2016/10/07 18:01:40 [warning] [application] Failed to set unsafe attribute "cycle_id" of "Booking".
in /var/www/shiftgear_transaction/protected/controllers/BookingController.php (72)
in /var/www/shiftgear_transaction/index.php (13)
2016/10/07 18:01:40 [warning] [application] Failed to set unsafe attribute "notes" of "Booking".
in /var/www/shiftgear_transaction/protected/controllers/BookingController.php (72)
in /var/www/shiftgear_transaction/index.php (13)
2016/10/07 18:03:17 [warning] [application] Failed to set unsafe attribute "cycle_id" of "Booking".
in /var/www/shiftgear_transaction/protected/controllers/BookingController.php (72)
in /var/www/shiftgear_transaction/index.php (13)
2016/10/07 18:03:17 [warning] [application] Failed to set unsafe attribute "notes" of "Booking".
in /var/www/shiftgear_transaction/protected/controllers/BookingController.php (72)
in /var/www/shiftgear_transaction/index.php (13)
2016/10/07 18:09:22 [error] [exception.CException] exception 'CException' with message 'The attribute must be specified in the format of "Name:Type:Label", where "Type" and "Label" are optional.' in /var/www/yii/framework/zii/widgets/CDetailView.php:185
Stack trace:
#0 /var/www/yii/framework/web/CBaseController.php(181): CDetailView->run()
#1 /var/www/shiftgear_transaction/protected/views/booking/view.php(37): CBaseController->widget('zii.widgets.CDe...', Array)
#2 /var/www/yii/framework/web/CBaseController.php(126): require('/var/www/shiftg...')
#3 /var/www/yii/framework/web/CBaseController.php(95): CBaseController->renderInternal('/var/www/shiftg...', Array, true)
#4 /var/www/yii/framework/web/CController.php(869): CBaseController->renderFile('/var/www/shiftg...', Array, true)
#5 /var/www/yii/framework/web/CController.php(782): CController->renderPartial('view', Array, true)
#6 /var/www/shiftgear_transaction/protected/controllers/BookingController.php(56): CController->render('view', Array)
#7 [internal function]: BookingController->actionView('7')
#8 /var/www/yii/framework/web/actions/CAction.php(109): ReflectionMethod->invokeArgs(Object(BookingController), Array)
#9 /var/www/yii/framework/web/actions/CInlineAction.php(47): CAction->runWithParamsInternal(Object(BookingController), Object(ReflectionMethod), Array)
#10 /var/www/yii/framework/web/CController.php(308): CInlineAction->runWithParams(Array)
#11 /var/www/yii/framework/web/filters/CFilterChain.php(133): CController->runAction(Object(CInlineAction))
#12 /var/www/yii/framework/web/filters/CFilter.php(40): CFilterChain->run()
#13 /var/www/yii/framework/web/CController.php(1145): CFilter->filter(Object(CFilterChain))
#14 /var/www/yii/framework/web/filters/CInlineFilter.php(58): CController->filterAccessControl(Object(CFilterChain))
#15 /var/www/yii/framework/web/filters/CFilterChain.php(130): CInlineFilter->filter(Object(CFilterChain))
#16 /var/www/yii/framework/web/CController.php(291): CFilterChain->run()
#17 /var/www/yii/framework/web/CController.php(265): CController->runActionWithFilters(Object(CInlineAction), Array)
#18 /var/www/yii/framework/web/CWebApplication.php(282): CController->run('view')
#19 /var/www/yii/framework/web/CWebApplication.php(141): CWebApplication->runController('booking/view')
#20 /var/www/yii/framework/base/CApplication.php(185): CWebApplication->processRequest()
#21 /var/www/shiftgear_transaction/index.php(13): CApplication->run()
#22 {main}
REQUEST_URI=/shiftgear_transaction/index.php?r=booking/view&id=7
HTTP_REFERER=http://localhost/shiftgear_transaction/index.php?r=booking/index
---
2016/10/07 18:10:23 [error] [php] Undefined variable: data (/var/www/shiftgear_transaction/protected/views/booking/view.php:27)
Stack trace:
#0 /var/www/yii/framework/web/CController.php(869): BookingController->renderFile()
#1 /var/www/yii/framework/web/CController.php(782): BookingController->renderPartial()
#2 /var/www/shiftgear_transaction/protected/controllers/BookingController.php(56): BookingController->render()
#3 unknown(0): BookingController->actionView()
#4 /var/www/yii/framework/web/actions/CAction.php(109): ReflectionMethod->invokeArgs()
#5 /var/www/yii/framework/web/actions/CInlineAction.php(47): CInlineAction->runWithParamsInternal()
#6 /var/www/yii/framework/web/CController.php(308): CInlineAction->runWithParams()
#7 /var/www/yii/framework/web/filters/CFilterChain.php(133): BookingController->runAction()
#8 /var/www/yii/framework/web/filters/CFilter.php(40): CFilterChain->run()
#9 /var/www/yii/framework/web/CController.php(1145): CAccessControlFilter->filter()
#10 /var/www/yii/framework/web/filters/CInlineFilter.php(58): BookingController->filterAccessControl()
#11 /var/www/yii/framework/web/filters/CFilterChain.php(130): CInlineFilter->filter()
#12 /var/www/yii/framework/web/CController.php(291): CFilterChain->run()
#13 /var/www/yii/framework/web/CController.php(265): BookingController->runActionWithFilters()
#14 /var/www/yii/framework/web/CWebApplication.php(282): BookingController->run()
#15 /var/www/yii/framework/web/CWebApplication.php(141): CWebApplication->runController()
#16 /var/www/yii/framework/base/CApplication.php(185): CWebApplication->processRequest()
#17 /var/www/shiftgear_transaction/index.php(13): CWebApplication->run()
REQUEST_URI=/shiftgear_transaction/index.php?r=booking/view&id=7
in /var/www/shiftgear_transaction/protected/views/booking/view.php (27)
in /var/www/shiftgear_transaction/protected/controllers/BookingController.php (56)
in /var/www/shiftgear_transaction/index.php (13)
2016/10/07 18:15:16 [error] [php] Trying to get property of non-object (/var/www/shiftgear_transaction/protected/views/booking/view.php:27)
Stack trace:
#0 /var/www/yii/framework/web/CController.php(869): BookingController->renderFile()
#1 /var/www/yii/framework/web/CController.php(782): BookingController->renderPartial()
#2 /var/www/shiftgear_transaction/protected/controllers/BookingController.php(56): BookingController->render()
#3 unknown(0): BookingController->actionView()
#4 /var/www/yii/framework/web/actions/CAction.php(109): ReflectionMethod->invokeArgs()
#5 /var/www/yii/framework/web/actions/CInlineAction.php(47): CInlineAction->runWithParamsInternal()
#6 /var/www/yii/framework/web/CController.php(308): CInlineAction->runWithParams()
#7 /var/www/yii/framework/web/filters/CFilterChain.php(133): BookingController->runAction()
#8 /var/www/yii/framework/web/filters/CFilter.php(40): CFilterChain->run()
#9 /var/www/yii/framework/web/CController.php(1145): CAccessControlFilter->filter()
#10 /var/www/yii/framework/web/filters/CInlineFilter.php(58): BookingController->filterAccessControl()
#11 /var/www/yii/framework/web/filters/CFilterChain.php(130): CInlineFilter->filter()
#12 /var/www/yii/framework/web/CController.php(291): CFilterChain->run()
#13 /var/www/yii/framework/web/CController.php(265): BookingController->runActionWithFilters()
#14 /var/www/yii/framework/web/CWebApplication.php(282): BookingController->run()
#15 /var/www/yii/framework/web/CWebApplication.php(141): CWebApplication->runController()
#16 /var/www/yii/framework/base/CApplication.php(185): CWebApplication->processRequest()
#17 /var/www/shiftgear_transaction/index.php(13): CWebApplication->run()
REQUEST_URI=/shiftgear_transaction/index.php?r=booking/view&id=7
in /var/www/shiftgear_transaction/protected/views/booking/view.php (27)
in /var/www/shiftgear_transaction/protected/controllers/BookingController.php (56)
in /var/www/shiftgear_transaction/index.php (13)
2016/10/07 18:15:37 [error] [php] Trying to get property of non-object (/var/www/shiftgear_transaction/protected/views/booking/view.php:27)
Stack trace:
#0 /var/www/yii/framework/web/CController.php(869): BookingController->renderFile()
#1 /var/www/yii/framework/web/CController.php(782): BookingController->renderPartial()
#2 /var/www/shiftgear_transaction/protected/controllers/BookingController.php(56): BookingController->render()
#3 unknown(0): BookingController->actionView()
#4 /var/www/yii/framework/web/actions/CAction.php(109): ReflectionMethod->invokeArgs()
#5 /var/www/yii/framework/web/actions/CInlineAction.php(47): CInlineAction->runWithParamsInternal()
#6 /var/www/yii/framework/web/CController.php(308): CInlineAction->runWithParams()
#7 /var/www/yii/framework/web/filters/CFilterChain.php(133): BookingController->runAction()
#8 /var/www/yii/framework/web/filters/CFilter.php(40): CFilterChain->run()
#9 /var/www/yii/framework/web/CController.php(1145): CAccessControlFilter->filter()
#10 /var/www/yii/framework/web/filters/CInlineFilter.php(58): BookingController->filterAccessControl()
#11 /var/www/yii/framework/web/filters/CFilterChain.php(130): CInlineFilter->filter()
#12 /var/www/yii/framework/web/CController.php(291): CFilterChain->run()
#13 /var/www/yii/framework/web/CController.php(265): BookingController->runActionWithFilters()
#14 /var/www/yii/framework/web/CWebApplication.php(282): BookingController->run()
#15 /var/www/yii/framework/web/CWebApplication.php(141): CWebApplication->runController()
#16 /var/www/yii/framework/base/CApplication.php(185): CWebApplication->processRequest()
#17 /var/www/shiftgear_transaction/index.php(13): CWebApplication->run()
REQUEST_URI=/shiftgear_transaction/index.php?r=booking/view&id=1
in /var/www/shiftgear_transaction/protected/views/booking/view.php (27)
in /var/www/shiftgear_transaction/protected/controllers/BookingController.php (56)
in /var/www/shiftgear_transaction/index.php (13)
2016/10/07 18:17:38 [warning] [application] Failed to set unsafe attribute "notes" of "Booking".
in /var/www/shiftgear_transaction/protected/controllers/BookingController.php (72)
in /var/www/shiftgear_transaction/index.php (13)
2016/10/07 18:17:38 [error] [php] Undefined index: cycle_id (/var/www/shiftgear_transaction/protected/controllers/BookingController.php:74)
Stack trace:
#0 /var/www/yii/framework/web/filters/CFilterChain.php(133): BookingController->runAction()
#1 /var/www/yii/framework/web/filters/CFilter.php(40): CFilterChain->run()
#2 /var/www/yii/framework/web/CController.php(1145): CAccessControlFilter->filter()
#3 /var/www/yii/framework/web/filters/CInlineFilter.php(58): BookingController->filterAccessControl()
#4 /var/www/yii/framework/web/filters/CFilterChain.php(130): CInlineFilter->filter()
#5 /var/www/yii/framework/web/CController.php(291): CFilterChain->run()
#6 /var/www/yii/framework/web/CController.php(265): BookingController->runActionWithFilters()
#7 /var/www/yii/framework/web/CWebApplication.php(282): BookingController->run()
#8 /var/www/yii/framework/web/CWebApplication.php(141): CWebApplication->runController()
#9 /var/www/yii/framework/base/CApplication.php(185): CWebApplication->processRequest()
#10 /var/www/shiftgear_transaction/index.php(13): CWebApplication->run()
REQUEST_URI=/shiftgear_transaction/index.php?r=booking/create
in /var/www/shiftgear_transaction/protected/controllers/BookingController.php (74)
in /var/www/shiftgear_transaction/index.php (13)
2016/10/07 18:20:03 [warning] [application] Failed to set unsafe attribute "notes" of "Booking".
in /var/www/shiftgear_transaction/protected/controllers/BookingController.php (72)
in /var/www/shiftgear_transaction/index.php (13)
2016/12/17 08:43:42 [error] [php] Undefined variable: data (C:\xampp\htdocs\sg_transactions\protected\views\investorMaster\admin.php:56)
Stack trace:
#0 C:\xampp\htdocs\yii\framework\web\CController.php(869): InvestorMasterController->renderFile()
#1 C:\xampp\htdocs\yii\framework\web\CController.php(782): InvestorMasterController->renderPartial()
#2 C:\xampp\htdocs\sg_transactions\protected\controllers\InvestorMasterController.php(144): InvestorMasterController->render()
#3 C:\xampp\htdocs\yii\framework\web\actions\CInlineAction.php(49): InvestorMasterController->actionAdmin()
#4 C:\xampp\htdocs\yii\framework\web\CController.php(308): CInlineAction->runWithParams()
#5 C:\xampp\htdocs\yii\framework\web\filters\CFilterChain.php(133): InvestorMasterController->runAction()
#6 C:\xampp\htdocs\yii\framework\web\filters\CFilter.php(40): CFilterChain->run()
#7 C:\xampp\htdocs\yii\framework\web\CController.php(1145): CAccessControlFilter->filter()
#8 C:\xampp\htdocs\yii\framework\web\filters\CInlineFilter.php(58): InvestorMasterController->filterAccessControl()
#9 C:\xampp\htdocs\yii\framework\web\filters\CFilterChain.php(130): CInlineFilter->filter()
#10 C:\xampp\htdocs\yii\framework\web\CController.php(291): CFilterChain->run()
#11 C:\xampp\htdocs\yii\framework\web\CController.php(265): InvestorMasterController->runActionWithFilters()
#12 C:\xampp\htdocs\yii\framework\web\CWebApplication.php(282): InvestorMasterController->run()
#13 C:\xampp\htdocs\yii\framework\web\CWebApplication.php(141): CWebApplication->runController()
#14 C:\xampp\htdocs\yii\framework\base\CApplication.php(185): CWebApplication->processRequest()
#15 C:\xampp\htdocs\sg_transactions\index.php(13): CWebApplication->run()
REQUEST_URI=/sg_transactions/index.php?r=investorMaster/admin
in C:\xampp\htdocs\sg_transactions\protected\views\investorMaster\admin.php (56)
in C:\xampp\htdocs\sg_transactions\protected\controllers\InvestorMasterController.php (144)
in C:\xampp\htdocs\sg_transactions\index.php (13)
2016/12/17 10:20:32 [error] [exception.CException] exception 'CException' with message 'Property "Booking.cycle" is not defined.' in C:\xampp\htdocs\yii\framework\base\CComponent.php:130
Stack trace:
#0 C:\xampp\htdocs\yii\framework\db\ar\CActiveRecord.php(145): CComponent->__get('cycle')
#1 C:\xampp\htdocs\yii\framework\web\helpers\CHtml.php(2729): CActiveRecord->__get('cycle')
#2 C:\xampp\htdocs\yii\framework\web\helpers\CHtml.php(2452): CHtml::resolveValue(Object(Booking), 'cycle')
#3 C:\xampp\htdocs\yii\framework\web\helpers\CHtml.php(1534): CHtml::activeInputField('text', Object(Booking), 'cycle', Array)
#4 C:\xampp\htdocs\yii\framework\zii\widgets\grid\CDataColumn.php(104): CHtml::activeTextField(Object(Booking), 'cycle', Array)
#5 C:\xampp\htdocs\yii\framework\zii\widgets\grid\CGridColumn.php(253): CDataColumn->getFilterCellContent()
#6 C:\xampp\htdocs\yii\framework\zii\widgets\grid\CGridColumn.php(119): CGridColumn->renderFilterCellContent()
#7 C:\xampp\htdocs\yii\framework\zii\widgets\grid\CGridView.php(538): CGridColumn->renderFilterCell()
#8 C:\xampp\htdocs\yii\framework\zii\widgets\grid\CGridView.php(516): CGridView->renderFilter()
#9 C:\xampp\htdocs\yii\framework\zii\widgets\grid\CGridView.php(486): CGridView->renderTableHeader()
#10 C:\xampp\htdocs\yii\framework\zii\widgets\CBaseListView.php(181): CGridView->renderItems()
#11 [internal function]: CBaseListView->renderSection(Array)
#12 C:\xampp\htdocs\yii\framework\zii\widgets\CBaseListView.php(164): preg_replace_callback('/{(\\w+)}/', Array, '{summary}\n{item...')
#13 C:\xampp\htdocs\yii\framework\zii\widgets\CBaseListView.php(149): CBaseListView->renderContent()
#14 C:\xampp\htdocs\yii\framework\web\CBaseController.php(181): CBaseListView->run()
#15 C:\xampp\htdocs\sg_transactions\protected\views\booking\admin.php(72): CBaseController->widget('zii.widgets.gri...', Array)
#16 C:\xampp\htdocs\yii\framework\web\CBaseController.php(126): require('C:\\xampp\\htdocs...')
#17 C:\xampp\htdocs\yii\framework\web\CBaseController.php(95): CBaseController->renderInternal('C:\\xampp\\htdocs...', Array, true)
#18 C:\xampp\htdocs\yii\framework\web\CController.php(869): CBaseController->renderFile('C:\\xampp\\htdocs...', Array, true)
#19 C:\xampp\htdocs\yii\framework\web\CController.php(782): CController->renderPartial('admin', Array, true)
#20 C:\xampp\htdocs\sg_transactions\protected\controllers\BookingController.php(182): CController->render('admin', Array)
#21 C:\xampp\htdocs\yii\framework\web\actions\CInlineAction.php(49): BookingController->actionAdmin()
#22 C:\xampp\htdocs\yii\framework\web\CController.php(308): CInlineAction->runWithParams(Array)
#23 C:\xampp\htdocs\yii\framework\web\filters\CFilterChain.php(133): CController->runAction(Object(CInlineAction))
#24 C:\xampp\htdocs\yii\framework\web\filters\CFilter.php(40): CFilterChain->run()
#25 C:\xampp\htdocs\yii\framework\web\CController.php(1145): CFilter->filter(Object(CFilterChain))
#26 C:\xampp\htdocs\yii\framework\web\filters\CInlineFilter.php(58): CController->filterAccessControl(Object(CFilterChain))
#27 C:\xampp\htdocs\yii\framework\web\filters\CFilterChain.php(130): CInlineFilter->filter(Object(CFilterChain))
#28 C:\xampp\htdocs\yii\framework\web\CController.php(291): CFilterChain->run()
#29 C:\xampp\htdocs\yii\framework\web\CController.php(265): CController->runActionWithFilters(Object(CInlineAction), Array)
#30 C:\xampp\htdocs\yii\framework\web\CWebApplication.php(282): CController->run('admin')
#31 C:\xampp\htdocs\yii\framework\web\CWebApplication.php(141): CWebApplication->runController('booking/admin')
#32 C:\xampp\htdocs\yii\framework\base\CApplication.php(185): CWebApplication->processRequest()
#33 C:\xampp\htdocs\sg_transactions\index.php(13): CApplication->run()
#34 {main}
REQUEST_URI=/sg_transactions/index.php?r=booking/admin
---
2016/12/17 10:31:13 [error] [php] include(cycle.php): failed to open stream: No such file or directory (C:\xampp\htdocs\yii\framework\YiiBase.php:432)
Stack trace:
#0 C:\xampp\htdocs\sg_transactions\protected\controllers\BookingController.php(190): spl_autoload_call()
#1 unknown(0): BookingController->getCycleNames()
#2 C:\xampp\htdocs\yii\framework\base\CComponent.php(617): call_user_func_array()
#3 C:\xampp\htdocs\yii\framework\zii\widgets\grid\CDataColumn.php(142): CDataColumn->evaluateExpression()
#4 C:\xampp\htdocs\yii\framework\zii\widgets\grid\CGridColumn.php(231): CDataColumn->getDataCellContent()
#5 C:\xampp\htdocs\yii\framework\zii\widgets\grid\CGridColumn.php(154): CDataColumn->renderDataCellContent()
#6 C:\xampp\htdocs\yii\framework\zii\widgets\grid\CGridView.php(638): CDataColumn->renderDataCell()
#7 C:\xampp\htdocs\yii\framework\zii\widgets\grid\CGridView.php(622): CGridView->renderDataCell()
#8 C:\xampp\htdocs\yii\framework\zii\widgets\grid\CGridView.php(578): CGridView->renderTableRow()
#9 C:\xampp\htdocs\yii\framework\zii\widgets\grid\CGridView.php(488): CGridView->renderTableBody()
#10 C:\xampp\htdocs\yii\framework\zii\widgets\CBaseListView.php(181): CGridView->renderItems()
#11 unknown(0): CGridView->renderSection()
#12 C:\xampp\htdocs\yii\framework\zii\widgets\CBaseListView.php(164): preg_replace_callback()
#13 C:\xampp\htdocs\yii\framework\zii\widgets\CBaseListView.php(149): CGridView->renderContent()
#14 C:\xampp\htdocs\yii\framework\web\CBaseController.php(181): CGridView->run()
#15 C:\xampp\htdocs\sg_transactions\protected\views\booking\admin.php(72): BookingController->widget()
#16 C:\xampp\htdocs\yii\framework\web\CBaseController.php(126): require()
#17 C:\xampp\htdocs\yii\framework\web\CBaseController.php(95): BookingController->renderInternal()
#18 C:\xampp\htdocs\yii\framework\web\CController.php(869): BookingController->renderFile()
#19 C:\xampp\htdocs\yii\framework\web\CController.php(782): BookingController->renderPartial()
#20 C:\xampp\htdocs\sg_transactions\protected\controllers\BookingController.php(182): BookingController->render()
#21 C:\xampp\htdocs\yii\framework\web\actions\CInlineAction.php(49): BookingController->actionAdmin()
#22 C:\xampp\htdocs\yii\framework\web\CController.php(308): CInlineAction->runWithParams()
#23 C:\xampp\htdocs\yii\framework\web\filters\CFilterChain.php(133): BookingController->runAction()
#24 C:\xampp\htdocs\yii\framework\web\filters\CFilter.php(40): CFilterChain->run()
#25 C:\xampp\htdocs\yii\framework\web\CController.php(1145): CAccessControlFilter->filter()
#26 C:\xampp\htdocs\yii\framework\web\filters\CInlineFilter.php(58): BookingController->filterAccessControl()
#27 C:\xampp\htdocs\yii\framework\web\filters\CFilterChain.php(130): CInlineFilter->filter()
#28 C:\xampp\htdocs\yii\framework\web\CController.php(291): CFilterChain->run()
#29 C:\xampp\htdocs\yii\framework\web\CController.php(265): BookingController->runActionWithFilters()
#30 C:\xampp\htdocs\yii\framework\web\CWebApplication.php(282): BookingController->run()
#31 C:\xampp\htdocs\yii\framework\web\CWebApplication.php(141): CWebApplication->runController()
#32 C:\xampp\htdocs\yii\framework\base\CApplication.php(185): CWebApplication->processRequest()
#33 C:\xampp\htdocs\sg_transactions\index.php(13): CWebApplication->run()
REQUEST_URI=/sg_transactions/index.php?r=booking/admin
in C:\xampp\htdocs\sg_transactions\protected\controllers\BookingController.php (190)
in C:\xampp\htdocs\sg_transactions\protected\views\booking\admin.php (72)
in C:\xampp\htdocs\sg_transactions\protected\controllers\BookingController.php (182)
2016/12/17 10:31:46 [error] [php] include(Cycle.php): failed to open stream: No such file or directory (C:\xampp\htdocs\yii\framework\YiiBase.php:432)
Stack trace:
#0 C:\xampp\htdocs\sg_transactions\protected\controllers\BookingController.php(190): spl_autoload_call()
#1 unknown(0): BookingController->getCycleNames()
#2 C:\xampp\htdocs\yii\framework\base\CComponent.php(617): call_user_func_array()
#3 C:\xampp\htdocs\yii\framework\zii\widgets\grid\CDataColumn.php(142): CDataColumn->evaluateExpression()
#4 C:\xampp\htdocs\yii\framework\zii\widgets\grid\CGridColumn.php(231): CDataColumn->getDataCellContent()
#5 C:\xampp\htdocs\yii\framework\zii\widgets\grid\CGridColumn.php(154): CDataColumn->renderDataCellContent()
#6 C:\xampp\htdocs\yii\framework\zii\widgets\grid\CGridView.php(638): CDataColumn->renderDataCell()
#7 C:\xampp\htdocs\yii\framework\zii\widgets\grid\CGridView.php(622): CGridView->renderDataCell()
#8 C:\xampp\htdocs\yii\framework\zii\widgets\grid\CGridView.php(578): CGridView->renderTableRow()
#9 C:\xampp\htdocs\yii\framework\zii\widgets\grid\CGridView.php(488): CGridView->renderTableBody()
#10 C:\xampp\htdocs\yii\framework\zii\widgets\CBaseListView.php(181): CGridView->renderItems()
#11 unknown(0): CGridView->renderSection()
#12 C:\xampp\htdocs\yii\framework\zii\widgets\CBaseListView.php(164): preg_replace_callback()
#13 C:\xampp\htdocs\yii\framework\zii\widgets\CBaseListView.php(149): CGridView->renderContent()
#14 C:\xampp\htdocs\yii\framework\web\CBaseController.php(181): CGridView->run()
#15 C:\xampp\htdocs\sg_transactions\protected\views\booking\admin.php(72): BookingController->widget()
#16 C:\xampp\htdocs\yii\framework\web\CBaseController.php(126): require()
#17 C:\xampp\htdocs\yii\framework\web\CBaseController.php(95): BookingController->renderInternal()
#18 C:\xampp\htdocs\yii\framework\web\CController.php(869): BookingController->renderFile()
#19 C:\xampp\htdocs\yii\framework\web\CController.php(782): BookingController->renderPartial()
#20 C:\xampp\htdocs\sg_transactions\protected\controllers\BookingController.php(182): BookingController->render()
#21 C:\xampp\htdocs\yii\framework\web\actions\CInlineAction.php(49): BookingController->actionAdmin()
#22 C:\xampp\htdocs\yii\framework\web\CController.php(308): CInlineAction->runWithParams()
#23 C:\xampp\htdocs\yii\framework\web\filters\CFilterChain.php(133): BookingController->runAction()
#24 C:\xampp\htdocs\yii\framework\web\filters\CFilter.php(40): CFilterChain->run()
#25 C:\xampp\htdocs\yii\framework\web\CController.php(1145): CAccessControlFilter->filter()
#26 C:\xampp\htdocs\yii\framework\web\filters\CInlineFilter.php(58): BookingController->filterAccessControl()
#27 C:\xampp\htdocs\yii\framework\web\filters\CFilterChain.php(130): CInlineFilter->filter()
#28 C:\xampp\htdocs\yii\framework\web\CController.php(291): CFilterChain->run()
#29 C:\xampp\htdocs\yii\framework\web\CController.php(265): BookingController->runActionWithFilters()
#30 C:\xampp\htdocs\yii\framework\web\CWebApplication.php(282): BookingController->run()
#31 C:\xampp\htdocs\yii\framework\web\CWebApplication.php(141): CWebApplication->runController()
#32 C:\xampp\htdocs\yii\framework\base\CApplication.php(185): CWebApplication->processRequest()
#33 C:\xampp\htdocs\sg_transactions\index.php(13): CWebApplication->run()
REQUEST_URI=/sg_transactions/index.php?r=booking/admin
in C:\xampp\htdocs\sg_transactions\protected\controllers\BookingController.php (190)
in C:\xampp\htdocs\sg_transactions\protected\views\booking\admin.php (72)
in C:\xampp\htdocs\sg_transactions\protected\controllers\BookingController.php (182)
2016/12/17 10:35:48 [error] [php] include(Cycle.php): failed to open stream: No such file or directory (C:\xampp\htdocs\yii\framework\YiiBase.php:432)
Stack trace:
#0 C:\xampp\htdocs\sg_transactions\protected\controllers\BookingController.php(194): spl_autoload_call()
#1 unknown(0): BookingController->getCycleNames()
#2 C:\xampp\htdocs\yii\framework\base\CComponent.php(617): call_user_func_array()
#3 C:\xampp\htdocs\yii\framework\zii\widgets\grid\CDataColumn.php(142): CDataColumn->evaluateExpression()
#4 C:\xampp\htdocs\yii\framework\zii\widgets\grid\CGridColumn.php(231): CDataColumn->getDataCellContent()
#5 C:\xampp\htdocs\yii\framework\zii\widgets\grid\CGridColumn.php(154): CDataColumn->renderDataCellContent()
#6 C:\xampp\htdocs\yii\framework\zii\widgets\grid\CGridView.php(638): CDataColumn->renderDataCell()
#7 C:\xampp\htdocs\yii\framework\zii\widgets\grid\CGridView.php(622): CGridView->renderDataCell()
#8 C:\xampp\htdocs\yii\framework\zii\widgets\grid\CGridView.php(578): CGridView->renderTableRow()
#9 C:\xampp\htdocs\yii\framework\zii\widgets\grid\CGridView.php(488): CGridView->renderTableBody()
#10 C:\xampp\htdocs\yii\framework\zii\widgets\CBaseListView.php(181): CGridView->renderItems()
#11 unknown(0): CGridView->renderSection()
#12 C:\xampp\htdocs\yii\framework\zii\widgets\CBaseListView.php(164): preg_replace_callback()
#13 C:\xampp\htdocs\yii\framework\zii\widgets\CBaseListView.php(149): CGridView->renderContent()
#14 C:\xampp\htdocs\yii\framework\web\CBaseController.php(181): CGridView->run()
#15 C:\xampp\htdocs\sg_transactions\protected\views\booking\admin.php(72): BookingController->widget()
#16 C:\xampp\htdocs\yii\framework\web\CBaseController.php(126): require()
#17 C:\xampp\htdocs\yii\framework\web\CBaseController.php(95): BookingController->renderInternal()
#18 C:\xampp\htdocs\yii\framework\web\CController.php(869): BookingController->renderFile()
#19 C:\xampp\htdocs\yii\framework\web\CController.php(782): BookingController->renderPartial()
#20 C:\xampp\htdocs\sg_transactions\protected\controllers\BookingController.php(182): BookingController->render()
#21 C:\xampp\htdocs\yii\framework\web\actions\CInlineAction.php(49): BookingController->actionAdmin()
#22 C:\xampp\htdocs\yii\framework\web\CController.php(308): CInlineAction->runWithParams()
#23 C:\xampp\htdocs\yii\framework\web\filters\CFilterChain.php(133): BookingController->runAction()
#24 C:\xampp\htdocs\yii\framework\web\filters\CFilter.php(40): CFilterChain->run()
#25 C:\xampp\htdocs\yii\framework\web\CController.php(1145): CAccessControlFilter->filter()
#26 C:\xampp\htdocs\yii\framework\web\filters\CInlineFilter.php(58): BookingController->filterAccessControl()
#27 C:\xampp\htdocs\yii\framework\web\filters\CFilterChain.php(130): CInlineFilter->filter()
#28 C:\xampp\htdocs\yii\framework\web\CController.php(291): CFilterChain->run()
#29 C:\xampp\htdocs\yii\framework\web\CController.php(265): BookingController->runActionWithFilters()
#30 C:\xampp\htdocs\yii\framework\web\CWebApplication.php(282): BookingController->run()
#31 C:\xampp\htdocs\yii\framework\web\CWebApplication.php(141): CWebApplication->runController()
#32 C:\xampp\htdocs\yii\framework\base\CApplication.php(185): CWebApplication->processRequest()
#33 C:\xampp\htdocs\sg_transactions\index.php(13): CWebApplication->run()
REQUEST_URI=/sg_transactions/index.php?r=booking/admin
in C:\xampp\htdocs\sg_transactions\protected\controllers\BookingController.php (194)
in C:\xampp\htdocs\sg_transactions\protected\views\booking\admin.php (72)
in C:\xampp\htdocs\sg_transactions\protected\controllers\BookingController.php (182)
2016/12/17 10:36:39 [error] [php] Trying to get property of non-object (C:\xampp\htdocs\sg_transactions\protected\controllers\BookingController.php:196)
Stack trace:
#0 C:\xampp\htdocs\yii\framework\zii\widgets\grid\CDataColumn.php(142): CDataColumn->evaluateExpression()
#1 C:\xampp\htdocs\yii\framework\zii\widgets\grid\CGridColumn.php(231): CDataColumn->getDataCellContent()
#2 C:\xampp\htdocs\yii\framework\zii\widgets\grid\CGridColumn.php(154): CDataColumn->renderDataCellContent()
#3 C:\xampp\htdocs\yii\framework\zii\widgets\grid\CGridView.php(638): CDataColumn->renderDataCell()
#4 C:\xampp\htdocs\yii\framework\zii\widgets\grid\CGridView.php(622): CGridView->renderDataCell()
#5 C:\xampp\htdocs\yii\framework\zii\widgets\grid\CGridView.php(578): CGridView->renderTableRow()
#6 C:\xampp\htdocs\yii\framework\zii\widgets\grid\CGridView.php(488): CGridView->renderTableBody()
#7 C:\xampp\htdocs\yii\framework\zii\widgets\CBaseListView.php(181): CGridView->renderItems()
#8 unknown(0): CGridView->renderSection()
#9 C:\xampp\htdocs\yii\framework\zii\widgets\CBaseListView.php(164): preg_replace_callback()
#10 C:\xampp\htdocs\yii\framework\zii\widgets\CBaseListView.php(149): CGridView->renderContent()
#11 C:\xampp\htdocs\yii\framework\web\CBaseController.php(181): CGridView->run()
#12 C:\xampp\htdocs\sg_transactions\protected\views\booking\admin.php(72): BookingController->widget()
#13 C:\xampp\htdocs\yii\framework\web\CBaseController.php(126): require()
#14 C:\xampp\htdocs\yii\framework\web\CBaseController.php(95): BookingController->renderInternal()
#15 C:\xampp\htdocs\yii\framework\web\CController.php(869): BookingController->renderFile()
#16 C:\xampp\htdocs\yii\framework\web\CController.php(782): BookingController->renderPartial()
#17 C:\xampp\htdocs\sg_transactions\protected\controllers\BookingController.php(182): BookingController->render()
#18 C:\xampp\htdocs\yii\framework\web\actions\CInlineAction.php(49): BookingController->actionAdmin()
#19 C:\xampp\htdocs\yii\framework\web\CController.php(308): CInlineAction->runWithParams()
#20 C:\xampp\htdocs\yii\framework\web\filters\CFilterChain.php(133): BookingController->runAction()
#21 C:\xampp\htdocs\yii\framework\web\filters\CFilter.php(40): CFilterChain->run()
#22 C:\xampp\htdocs\yii\framework\web\CController.php(1145): CAccessControlFilter->filter()
#23 C:\xampp\htdocs\yii\framework\web\filters\CInlineFilter.php(58): BookingController->filterAccessControl()
#24 C:\xampp\htdocs\yii\framework\web\filters\CFilterChain.php(130): CInlineFilter->filter()
#25 C:\xampp\htdocs\yii\framework\web\CController.php(291): CFilterChain->run()
#26 C:\xampp\htdocs\yii\framework\web\CController.php(265): BookingController->runActionWithFilters()
#27 C:\xampp\htdocs\yii\framework\web\CWebApplication.php(282): BookingController->run()
#28 C:\xampp\htdocs\yii\framework\web\CWebApplication.php(141): CWebApplication->runController()
#29 C:\xampp\htdocs\yii\framework\base\CApplication.php(185): CWebApplication->processRequest()
#30 C:\xampp\htdocs\sg_transactions\index.php(13): CWebApplication->run()
REQUEST_URI=/sg_transactions/index.php?r=booking/admin
in C:\xampp\htdocs\sg_transactions\protected\controllers\BookingController.php (196)
in C:\xampp\htdocs\sg_transactions\protected\views\booking\admin.php (72)
in C:\xampp\htdocs\sg_transactions\protected\controllers\BookingController.php (182)
2016/12/17 10:39:40 [error] [system.db.CDbCommand] CDbCommand::fetch() failed: SQLSTATE[42000]: Syntax error or access violation: 1064 You have an error in your SQL syntax; check the manual that corresponds to your MySQL server version for the right syntax to use near 'LIMIT 1' at line 1. The SQL statement executed was: SELECT nick_name FROM `tblCycleMaster` `t` WHERE cycle_id= LIMIT 1.
in C:\xampp\htdocs\sg_transactions\protected\controllers\BookingController.php (194)
in C:\xampp\htdocs\sg_transactions\protected\views\booking\admin.php (72)
in C:\xampp\htdocs\sg_transactions\protected\controllers\BookingController.php (182)
2016/12/17 10:39:40 [error] [exception.CDbException] exception 'CDbException' with message 'CDbCommand failed to execute the SQL statement: SQLSTATE[42000]: Syntax error or access violation: 1064 You have an error in your SQL syntax; check the manual that corresponds to your MySQL server version for the right syntax to use near 'LIMIT 1' at line 1. The SQL statement executed was: SELECT nick_name FROM `tblCycleMaster` `t` WHERE cycle_id= LIMIT 1' in C:\xampp\htdocs\yii\framework\db\CDbCommand.php:543
Stack trace:
#0 C:\xampp\htdocs\yii\framework\db\CDbCommand.php(415): CDbCommand->queryInternal('fetch', Array, Array)
#1 C:\xampp\htdocs\yii\framework\db\ar\CActiveRecord.php(1356): CDbCommand->queryRow()
#2 C:\xampp\htdocs\yii\framework\db\ar\CActiveRecord.php(1461): CActiveRecord->query(Object(CDbCriteria))
#3 C:\xampp\htdocs\sg_transactions\protected\controllers\BookingController.php(194): CActiveRecord->find(Object(CDbCriteria))
#4 [internal function]: BookingController->getCycleNames(Object(Booking), 0, Object(CDataColumn))
#5 C:\xampp\htdocs\yii\framework\base\CComponent.php(617): call_user_func_array(Array, Array)
#6 C:\xampp\htdocs\yii\framework\zii\widgets\grid\CDataColumn.php(142): CComponent->evaluateExpression(Array, Array)
#7 C:\xampp\htdocs\yii\framework\zii\widgets\grid\CGridColumn.php(231): CDataColumn->getDataCellContent(0)
#8 C:\xampp\htdocs\yii\framework\zii\widgets\grid\CGridColumn.php(154): CGridColumn->renderDataCellContent(0, Object(Booking))
#9 C:\xampp\htdocs\yii\framework\zii\widgets\grid\CGridView.php(638): CGridColumn->renderDataCell(0)
#10 C:\xampp\htdocs\yii\framework\zii\widgets\grid\CGridView.php(622): CGridView->renderDataCell(Object(CDataColumn), 0)
#11 C:\xampp\htdocs\yii\framework\zii\widgets\grid\CGridView.php(578): CGridView->renderTableRow(0)
#12 C:\xampp\htdocs\yii\framework\zii\widgets\grid\CGridView.php(488): CGridView->renderTableBody()
#13 C:\xampp\htdocs\yii\framework\zii\widgets\CBaseListView.php(181): CGridView->renderItems()
#14 [internal function]: CBaseListView->renderSection(Array)
#15 C:\xampp\htdocs\yii\framework\zii\widgets\CBaseListView.php(164): preg_replace_callback('/{(\\w+)}/', Array, '{summary}\n{item...')
#16 C:\xampp\htdocs\yii\framework\zii\widgets\CBaseListView.php(149): CBaseListView->renderContent()
#17 C:\xampp\htdocs\yii\framework\web\CBaseController.php(181): CBaseListView->run()
#18 C:\xampp\htdocs\sg_transactions\protected\views\booking\admin.php(72): CBaseController->widget('zii.widgets.gri...', Array)
#19 C:\xampp\htdocs\yii\framework\web\CBaseController.php(126): require('C:\\xampp\\htdocs...')
#20 C:\xampp\htdocs\yii\framework\web\CBaseController.php(95): CBaseController->renderInternal('C:\\xampp\\htdocs...', Array, true)
#21 C:\xampp\htdocs\yii\framework\web\CController.php(869): CBaseController->renderFile('C:\\xampp\\htdocs...', Array, true)
#22 C:\xampp\htdocs\yii\framework\web\CController.php(782): CController->renderPartial('admin', Array, true)
#23 C:\xampp\htdocs\sg_transactions\protected\controllers\BookingController.php(182): CController->render('admin', Array)
#24 C:\xampp\htdocs\yii\framework\web\actions\CInlineAction.php(49): BookingController->actionAdmin()
#25 C:\xampp\htdocs\yii\framework\web\CController.php(308): CInlineAction->runWithParams(Array)
#26 C:\xampp\htdocs\yii\framework\web\filters\CFilterChain.php(133): CController->runAction(Object(CInlineAction))
#27 C:\xampp\htdocs\yii\framework\web\filters\CFilter.php(40): CFilterChain->run()
#28 C:\xampp\htdocs\yii\framework\web\CController.php(1145): CFilter->filter(Object(CFilterChain))
#29 C:\xampp\htdocs\yii\framework\web\filters\CInlineFilter.php(58): CController->filterAccessControl(Object(CFilterChain))
#30 C:\xampp\htdocs\yii\framework\web\filters\CFilterChain.php(130): CInlineFilter->filter(Object(CFilterChain))
#31 C:\xampp\htdocs\yii\framework\web\CController.php(291): CFilterChain->run()
#32 C:\xampp\htdocs\yii\framework\web\CController.php(265): CController->runActionWithFilters(Object(CInlineAction), Array)
#33 C:\xampp\htdocs\yii\framework\web\CWebApplication.php(282): CController->run('admin')
#34 C:\xampp\htdocs\yii\framework\web\CWebApplication.php(141): CWebApplication->runController('booking/admin')
#35 C:\xampp\htdocs\yii\framework\base\CApplication.php(185): CWebApplication->processRequest()
#36 C:\xampp\htdocs\sg_transactions\index.php(13): CApplication->run()
#37 {main}
REQUEST_URI=/sg_transactions/index.php?Booking_page=2&ajax=booking-grid&r=booking%2Fadmin
HTTP_REFERER=http://localhost/sg_transactions/index.php?r=booking/admin
---
2016/12/17 10:45:35 [error] [exception.CException] exception 'CException' with message 'Property "Booking.CustomerMaster" is not defined.' in C:\xampp\htdocs\yii\framework\base\CComponent.php:130
Stack trace:
#0 C:\xampp\htdocs\yii\framework\db\ar\CActiveRecord.php(145): CComponent->__get('CustomerMaster')
#1 C:\xampp\htdocs\yii\framework\web\helpers\CHtml.php(2729): CActiveRecord->__get('CustomerMaster')
#2 C:\xampp\htdocs\yii\framework\web\helpers\CHtml.php(2452): CHtml::resolveValue(Object(Booking), 'CustomerMaster')
#3 C:\xampp\htdocs\yii\framework\web\helpers\CHtml.php(1534): CHtml::activeInputField('text', Object(Booking), 'CustomerMaster', Array)
#4 C:\xampp\htdocs\yii\framework\zii\widgets\grid\CDataColumn.php(104): CHtml::activeTextField(Object(Booking), 'CustomerMaster', Array)
#5 C:\xampp\htdocs\yii\framework\zii\widgets\grid\CGridColumn.php(253): CDataColumn->getFilterCellContent()
#6 C:\xampp\htdocs\yii\framework\zii\widgets\grid\CGridColumn.php(119): CGridColumn->renderFilterCellContent()
#7 C:\xampp\htdocs\yii\framework\zii\widgets\grid\CGridView.php(538): CGridColumn->renderFilterCell()
#8 C:\xampp\htdocs\yii\framework\zii\widgets\grid\CGridView.php(516): CGridView->renderFilter()
#9 C:\xampp\htdocs\yii\framework\zii\widgets\grid\CGridView.php(486): CGridView->renderTableHeader()
#10 C:\xampp\htdocs\yii\framework\zii\widgets\CBaseListView.php(181): CGridView->renderItems()
#11 [internal function]: CBaseListView->renderSection(Array)
#12 C:\xampp\htdocs\yii\framework\zii\widgets\CBaseListView.php(164): preg_replace_callback('/{(\\w+)}/', Array, '{summary}\n{item...')
#13 C:\xampp\htdocs\yii\framework\zii\widgets\CBaseListView.php(149): CBaseListView->renderContent()
#14 C:\xampp\htdocs\yii\framework\web\CBaseController.php(181): CBaseListView->run()
#15 C:\xampp\htdocs\sg_transactions\protected\views\booking\admin.php(76): CBaseController->widget('zii.widgets.gri...', Array)
#16 C:\xampp\htdocs\yii\framework\web\CBaseController.php(126): require('C:\\xampp\\htdocs...')
#17 C:\xampp\htdocs\yii\framework\web\CBaseController.php(95): CBaseController->renderInternal('C:\\xampp\\htdocs...', Array, true)
#18 C:\xampp\htdocs\yii\framework\web\CController.php(869): CBaseController->renderFile('C:\\xampp\\htdocs...', Array, true)
#19 C:\xampp\htdocs\yii\framework\web\CController.php(782): CController->renderPartial('admin', Array, true)
#20 C:\xampp\htdocs\sg_transactions\protected\controllers\BookingController.php(182): CController->render('admin', Array)
#21 C:\xampp\htdocs\yii\framework\web\actions\CInlineAction.php(49): BookingController->actionAdmin()
#22 C:\xampp\htdocs\yii\framework\web\CController.php(308): CInlineAction->runWithParams(Array)
#23 C:\xampp\htdocs\yii\framework\web\filters\CFilterChain.php(133): CController->runAction(Object(CInlineAction))
#24 C:\xampp\htdocs\yii\framework\web\filters\CFilter.php(40): CFilterChain->run()
#25 C:\xampp\htdocs\yii\framework\web\CController.php(1145): CFilter->filter(Object(CFilterChain))
#26 C:\xampp\htdocs\yii\framework\web\filters\CInlineFilter.php(58): CController->filterAccessControl(Object(CFilterChain))
#27 C:\xampp\htdocs\yii\framework\web\filters\CFilterChain.php(130): CInlineFilter->filter(Object(CFilterChain))
#28 C:\xampp\htdocs\yii\framework\web\CController.php(291): CFilterChain->run()
#29 C:\xampp\htdocs\yii\framework\web\CController.php(265): CController->runActionWithFilters(Object(CInlineAction), Array)
#30 C:\xampp\htdocs\yii\framework\web\CWebApplication.php(282): CController->run('admin')
#31 C:\xampp\htdocs\yii\framework\web\CWebApplication.php(141): CWebApplication->runController('booking/admin')
#32 C:\xampp\htdocs\yii\framework\base\CApplication.php(185): CWebApplication->processRequest()
#33 C:\xampp\htdocs\sg_transactions\index.php(13): CApplication->run()
#34 {main}
REQUEST_URI=/sg_transactions/index.php?r=booking/admin
---
2016/12/17 10:46:02 [error] [exception.CException] exception 'CException' with message 'Property "Booking.Customer" is not defined.' in C:\xampp\htdocs\yii\framework\base\CComponent.php:130
Stack trace:
#0 C:\xampp\htdocs\yii\framework\db\ar\CActiveRecord.php(145): CComponent->__get('Customer')
#1 C:\xampp\htdocs\yii\framework\web\helpers\CHtml.php(2729): CActiveRecord->__get('Customer')
#2 C:\xampp\htdocs\yii\framework\web\helpers\CHtml.php(2452): CHtml::resolveValue(Object(Booking), 'Customer')
#3 C:\xampp\htdocs\yii\framework\web\helpers\CHtml.php(1534): CHtml::activeInputField('text', Object(Booking), 'Customer', Array)
#4 C:\xampp\htdocs\yii\framework\zii\widgets\grid\CDataColumn.php(104): CHtml::activeTextField(Object(Booking), 'Customer', Array)
#5 C:\xampp\htdocs\yii\framework\zii\widgets\grid\CGridColumn.php(253): CDataColumn->getFilterCellContent()
#6 C:\xampp\htdocs\yii\framework\zii\widgets\grid\CGridColumn.php(119): CGridColumn->renderFilterCellContent()
#7 C:\xampp\htdocs\yii\framework\zii\widgets\grid\CGridView.php(538): CGridColumn->renderFilterCell()
#8 C:\xampp\htdocs\yii\framework\zii\widgets\grid\CGridView.php(516): CGridView->renderFilter()
#9 C:\xampp\htdocs\yii\framework\zii\widgets\grid\CGridView.php(486): CGridView->renderTableHeader()
#10 C:\xampp\htdocs\yii\framework\zii\widgets\CBaseListView.php(181): CGridView->renderItems()
#11 [internal function]: CBaseListView->renderSection(Array)
#12 C:\xampp\htdocs\yii\framework\zii\widgets\CBaseListView.php(164): preg_replace_callback('/{(\\w+)}/', Array, '{summary}\n{item...')
#13 C:\xampp\htdocs\yii\framework\zii\widgets\CBaseListView.php(149): CBaseListView->renderContent()
#14 C:\xampp\htdocs\yii\framework\web\CBaseController.php(181): CBaseListView->run()
#15 C:\xampp\htdocs\sg_transactions\protected\views\booking\admin.php(76): CBaseController->widget('zii.widgets.gri...', Array)
#16 C:\xampp\htdocs\yii\framework\web\CBaseController.php(126): require('C:\\xampp\\htdocs...')
#17 C:\xampp\htdocs\yii\framework\web\CBaseController.php(95): CBaseController->renderInternal('C:\\xampp\\htdocs...', Array, true)
#18 C:\xampp\htdocs\yii\framework\web\CController.php(869): CBaseController->renderFile('C:\\xampp\\htdocs...', Array, true)
#19 C:\xampp\htdocs\yii\framework\web\CController.php(782): CController->renderPartial('admin', Array, true)
#20 C:\xampp\htdocs\sg_transactions\protected\controllers\BookingController.php(182): CController->render('admin', Array)
#21 C:\xampp\htdocs\yii\framework\web\actions\CInlineAction.php(49): BookingController->actionAdmin()
#22 C:\xampp\htdocs\yii\framework\web\CController.php(308): CInlineAction->runWithParams(Array)
#23 C:\xampp\htdocs\yii\framework\web\filters\CFilterChain.php(133): CController->runAction(Object(CInlineAction))
#24 C:\xampp\htdocs\yii\framework\web\filters\CFilter.php(40): CFilterChain->run()
#25 C:\xampp\htdocs\yii\framework\web\CController.php(1145): CFilter->filter(Object(CFilterChain))
#26 C:\xampp\htdocs\yii\framework\web\filters\CInlineFilter.php(58): CController->filterAccessControl(Object(CFilterChain))
#27 C:\xampp\htdocs\yii\framework\web\filters\CFilterChain.php(130): CInlineFilter->filter(Object(CFilterChain))
#28 C:\xampp\htdocs\yii\framework\web\CController.php(291): CFilterChain->run()
#29 C:\xampp\htdocs\yii\framework\web\CController.php(265): CController->runActionWithFilters(Object(CInlineAction), Array)
#30 C:\xampp\htdocs\yii\framework\web\CWebApplication.php(282): CController->run('admin')
#31 C:\xampp\htdocs\yii\framework\web\CWebApplication.php(141): CWebApplication->runController('booking/admin')
#32 C:\xampp\htdocs\yii\framework\base\CApplication.php(185): CWebApplication->processRequest()
#33 C:\xampp\htdocs\sg_transactions\index.php(13): CApplication->run()
#34 {main}
REQUEST_URI=/sg_transactions/index.php?r=booking/admin
---
2016/12/17 10:46:08 [error] [exception.CException] exception 'CException' with message 'Property "Booking.CustomerMaster" is not defined.' in C:\xampp\htdocs\yii\framework\base\CComponent.php:130
Stack trace:
#0 C:\xampp\htdocs\yii\framework\db\ar\CActiveRecord.php(145): CComponent->__get('CustomerMaster')
#1 C:\xampp\htdocs\yii\framework\base\CComponent.php(612) : eval()'d code(1): CActiveRecord->__get('CustomerMaster')
#2 C:\xampp\htdocs\yii\framework\base\CComponent.php(612): eval()
#3 C:\xampp\htdocs\yii\framework\zii\widgets\grid\CDataColumn.php(142): CComponent->evaluateExpression('CHtml::encode($...', Array)
#4 C:\xampp\htdocs\yii\framework\zii\widgets\grid\CGridColumn.php(231): CDataColumn->getDataCellContent(0)
#5 C:\xampp\htdocs\yii\framework\zii\widgets\grid\CGridColumn.php(154): CGridColumn->renderDataCellContent(0, Object(Booking))
#6 C:\xampp\htdocs\yii\framework\zii\widgets\grid\CGridView.php(638): CGridColumn->renderDataCell(0)
#7 C:\xampp\htdocs\yii\framework\zii\widgets\grid\CGridView.php(622): CGridView->renderDataCell(Object(CDataColumn), 0)
#8 C:\xampp\htdocs\yii\framework\zii\widgets\grid\CGridView.php(578): CGridView->renderTableRow(0)
#9 C:\xampp\htdocs\yii\framework\zii\widgets\grid\CGridView.php(488): CGridView->renderTableBody()
#10 C:\xampp\htdocs\yii\framework\zii\widgets\CBaseListView.php(181): CGridView->renderItems()
#11 [internal function]: CBaseListView->renderSection(Array)
#12 C:\xampp\htdocs\yii\framework\zii\widgets\CBaseListView.php(164): preg_replace_callback('/{(\\w+)}/', Array, '{summary}\n{item...')
#13 C:\xampp\htdocs\yii\framework\zii\widgets\CBaseListView.php(149): CBaseListView->renderContent()
#14 C:\xampp\htdocs\yii\framework\web\CBaseController.php(181): CBaseListView->run()
#15 C:\xampp\htdocs\sg_transactions\protected\views\booking\admin.php(76): CBaseController->widget('zii.widgets.gri...', Array)
#16 C:\xampp\htdocs\yii\framework\web\CBaseController.php(126): require('C:\\xampp\\htdocs...')
#17 C:\xampp\htdocs\yii\framework\web\CBaseController.php(95): CBaseController->renderInternal('C:\\xampp\\htdocs...', Array, true)
#18 C:\xampp\htdocs\yii\framework\web\CController.php(869): CBaseController->renderFile('C:\\xampp\\htdocs...', Array, true)
#19 C:\xampp\htdocs\yii\framework\web\CController.php(782): CController->renderPartial('admin', Array, true)
#20 C:\xampp\htdocs\sg_transactions\protected\controllers\BookingController.php(182): CController->render('admin', Array)
#21 C:\xampp\htdocs\yii\framework\web\actions\CInlineAction.php(49): BookingController->actionAdmin()
#22 C:\xampp\htdocs\yii\framework\web\CController.php(308): CInlineAction->runWithParams(Array)
#23 C:\xampp\htdocs\yii\framework\web\filters\CFilterChain.php(133): CController->runAction(Object(CInlineAction))
#24 C:\xampp\htdocs\yii\framework\web\filters\CFilter.php(40): CFilterChain->run()
#25 C:\xampp\htdocs\yii\framework\web\CController.php(1145): CFilter->filter(Object(CFilterChain))
#26 C:\xampp\htdocs\yii\framework\web\filters\CInlineFilter.php(58): CController->filterAccessControl(Object(CFilterChain))
#27 C:\xampp\htdocs\yii\framework\web\filters\CFilterChain.php(130): CInlineFilter->filter(Object(CFilterChain))
#28 C:\xampp\htdocs\yii\framework\web\CController.php(291): CFilterChain->run()
#29 C:\xampp\htdocs\yii\framework\web\CController.php(265): CController->runActionWithFilters(Object(CInlineAction), Array)
#30 C:\xampp\htdocs\yii\framework\web\CWebApplication.php(282): CController->run('admin')
#31 C:\xampp\htdocs\yii\framework\web\CWebApplication.php(141): CWebApplication->runController('booking/admin')
#32 C:\xampp\htdocs\yii\framework\base\CApplication.php(185): CWebApplication->processRequest()
#33 C:\xampp\htdocs\sg_transactions\index.php(13): CApplication->run()
#34 {main}
REQUEST_URI=/sg_transactions/index.php?r=booking/admin
---
2016/12/17 10:46:15 [error] [exception.CException] exception 'CException' with message 'Property "Booking.CustomerMaster" is not defined.' in C:\xampp\htdocs\yii\framework\base\CComponent.php:130
Stack trace:
#0 C:\xampp\htdocs\yii\framework\db\ar\CActiveRecord.php(145): CComponent->__get('CustomerMaster')
#1 C:\xampp\htdocs\yii\framework\base\CComponent.php(612) : eval()'d code(1): CActiveRecord->__get('CustomerMaster')
#2 C:\xampp\htdocs\yii\framework\base\CComponent.php(612): eval()
#3 C:\xampp\htdocs\yii\framework\zii\widgets\grid\CDataColumn.php(142): CComponent->evaluateExpression('CHtml::encode($...', Array)
#4 C:\xampp\htdocs\yii\framework\zii\widgets\grid\CGridColumn.php(231): CDataColumn->getDataCellContent(0)
#5 C:\xampp\htdocs\yii\framework\zii\widgets\grid\CGridColumn.php(154): CGridColumn->renderDataCellContent(0, Object(Booking))
#6 C:\xampp\htdocs\yii\framework\zii\widgets\grid\CGridView.php(638): CGridColumn->renderDataCell(0)
#7 C:\xampp\htdocs\yii\framework\zii\widgets\grid\CGridView.php(622): CGridView->renderDataCell(Object(CDataColumn), 0)
#8 C:\xampp\htdocs\yii\framework\zii\widgets\grid\CGridView.php(578): CGridView->renderTableRow(0)
#9 C:\xampp\htdocs\yii\framework\zii\widgets\grid\CGridView.php(488): CGridView->renderTableBody()
#10 C:\xampp\htdocs\yii\framework\zii\widgets\CBaseListView.php(181): CGridView->renderItems()
#11 [internal function]: CBaseListView->renderSection(Array)
#12 C:\xampp\htdocs\yii\framework\zii\widgets\CBaseListView.php(164): preg_replace_callback('/{(\\w+)}/', Array, '{summary}\n{item...')
#13 C:\xampp\htdocs\yii\framework\zii\widgets\CBaseListView.php(149): CBaseListView->renderContent()
#14 C:\xampp\htdocs\yii\framework\web\CBaseController.php(181): CBaseListView->run()
#15 C:\xampp\htdocs\sg_transactions\protected\views\booking\admin.php(76): CBaseController->widget('zii.widgets.gri...', Array)
#16 C:\xampp\htdocs\yii\framework\web\CBaseController.php(126): require('C:\\xampp\\htdocs...')
#17 C:\xampp\htdocs\yii\framework\web\CBaseController.php(95): CBaseController->renderInternal('C:\\xampp\\htdocs...', Array, true)
#18 C:\xampp\htdocs\yii\framework\web\CController.php(869): CBaseController->renderFile('C:\\xampp\\htdocs...', Array, true)
#19 C:\xampp\htdocs\yii\framework\web\CController.php(782): CController->renderPartial('admin', Array, true)
#20 C:\xampp\htdocs\sg_transactions\protected\controllers\BookingController.php(182): CController->render('admin', Array)
#21 C:\xampp\htdocs\yii\framework\web\actions\CInlineAction.php(49): BookingController->actionAdmin()
#22 C:\xampp\htdocs\yii\framework\web\CController.php(308): CInlineAction->runWithParams(Array)
#23 C:\xampp\htdocs\yii\framework\web\filters\CFilterChain.php(133): CController->runAction(Object(CInlineAction))
#24 C:\xampp\htdocs\yii\framework\web\filters\CFilter.php(40): CFilterChain->run()
#25 C:\xampp\htdocs\yii\framework\web\CController.php(1145): CFilter->filter(Object(CFilterChain))
#26 C:\xampp\htdocs\yii\framework\web\filters\CInlineFilter.php(58): CController->filterAccessControl(Object(CFilterChain))
#27 C:\xampp\htdocs\yii\framework\web\filters\CFilterChain.php(130): CInlineFilter->filter(Object(CFilterChain))
#28 C:\xampp\htdocs\yii\framework\web\CController.php(291): CFilterChain->run()
#29 C:\xampp\htdocs\yii\framework\web\CController.php(265): CController->runActionWithFilters(Object(CInlineAction), Array)
#30 C:\xampp\htdocs\yii\framework\web\CWebApplication.php(282): CController->run('admin')
#31 C:\xampp\htdocs\yii\framework\web\CWebApplication.php(141): CWebApplication->runController('booking/admin')
#32 C:\xampp\htdocs\yii\framework\base\CApplication.php(185): CWebApplication->processRequest()
#33 C:\xampp\htdocs\sg_transactions\index.php(13): CApplication->run()
#34 {main}
REQUEST_URI=/sg_transactions/index.php?r=booking/admin
---
2016/12/17 10:46:41 [error] [exception.CException] exception 'CException' with message 'Property "Booking.CustomerMaster" is not defined.' in C:\xampp\htdocs\yii\framework\base\CComponent.php:130
Stack trace:
#0 C:\xampp\htdocs\yii\framework\db\ar\CActiveRecord.php(145): CComponent->__get('CustomerMaster')
#1 C:\xampp\htdocs\yii\framework\base\CComponent.php(612) : eval()'d code(1): CActiveRecord->__get('CustomerMaster')
#2 C:\xampp\htdocs\yii\framework\base\CComponent.php(612): eval()
#3 C:\xampp\htdocs\yii\framework\zii\widgets\grid\CDataColumn.php(142): CComponent->evaluateExpression('CHtml::encode($...', Array)
#4 C:\xampp\htdocs\yii\framework\zii\widgets\grid\CGridColumn.php(231): CDataColumn->getDataCellContent(0)
#5 C:\xampp\htdocs\yii\framework\zii\widgets\grid\CGridColumn.php(154): CGridColumn->renderDataCellContent(0, Object(Booking))
#6 C:\xampp\htdocs\yii\framework\zii\widgets\grid\CGridView.php(638): CGridColumn->renderDataCell(0)
#7 C:\xampp\htdocs\yii\framework\zii\widgets\grid\CGridView.php(622): CGridView->renderDataCell(Object(CDataColumn), 0)
#8 C:\xampp\htdocs\yii\framework\zii\widgets\grid\CGridView.php(578): CGridView->renderTableRow(0)
#9 C:\xampp\htdocs\yii\framework\zii\widgets\grid\CGridView.php(488): CGridView->renderTableBody()
#10 C:\xampp\htdocs\yii\framework\zii\widgets\CBaseListView.php(181): CGridView->renderItems()
#11 [internal function]: CBaseListView->renderSection(Array)
#12 C:\xampp\htdocs\yii\framework\zii\widgets\CBaseListView.php(164): preg_replace_callback('/{(\\w+)}/', Array, '{summary}\n{item...')
#13 C:\xampp\htdocs\yii\framework\zii\widgets\CBaseListView.php(149): CBaseListView->renderContent()
#14 C:\xampp\htdocs\yii\framework\web\CBaseController.php(181): CBaseListView->run()
#15 C:\xampp\htdocs\sg_transactions\protected\views\booking\admin.php(76): CBaseController->widget('zii.widgets.gri...', Array)
#16 C:\xampp\htdocs\yii\framework\web\CBaseController.php(126): require('C:\\xampp\\htdocs...')
#17 C:\xampp\htdocs\yii\framework\web\CBaseController.php(95): CBaseController->renderInternal('C:\\xampp\\htdocs...', Array, true)
#18 C:\xampp\htdocs\yii\framework\web\CController.php(869): CBaseController->renderFile('C:\\xampp\\htdocs...', Array, true)
#19 C:\xampp\htdocs\yii\framework\web\CController.php(782): CController->renderPartial('admin', Array, true)
#20 C:\xampp\htdocs\sg_transactions\protected\controllers\BookingController.php(182): CController->render('admin', Array)
#21 C:\xampp\htdocs\yii\framework\web\actions\CInlineAction.php(49): BookingController->actionAdmin()
#22 C:\xampp\htdocs\yii\framework\web\CController.php(308): CInlineAction->runWithParams(Array)
#23 C:\xampp\htdocs\yii\framework\web\filters\CFilterChain.php(133): CController->runAction(Object(CInlineAction))
#24 C:\xampp\htdocs\yii\framework\web\filters\CFilter.php(40): CFilterChain->run()
#25 C:\xampp\htdocs\yii\framework\web\CController.php(1145): CFilter->filter(Object(CFilterChain))
#26 C:\xampp\htdocs\yii\framework\web\filters\CInlineFilter.php(58): CController->filterAccessControl(Object(CFilterChain))
#27 C:\xampp\htdocs\yii\framework\web\filters\CFilterChain.php(130): CInlineFilter->filter(Object(CFilterChain))
#28 C:\xampp\htdocs\yii\framework\web\CController.php(291): CFilterChain->run()
#29 C:\xampp\htdocs\yii\framework\web\CController.php(265): CController->runActionWithFilters(Object(CInlineAction), Array)
#30 C:\xampp\htdocs\yii\framework\web\CWebApplication.php(282): CController->run('admin')
#31 C:\xampp\htdocs\yii\framework\web\CWebApplication.php(141): CWebApplication->runController('booking/admin')
#32 C:\xampp\htdocs\yii\framework\base\CApplication.php(185): CWebApplication->processRequest()
#33 C:\xampp\htdocs\sg_transactions\index.php(13): CApplication->run()
#34 {main}
REQUEST_URI=/sg_transactions/index.php?r=booking/admin
---
2016/12/17 10:49:41 [error] [exception.CException] exception 'CException' with message 'Property "CDataColumn.urlExpression" is not defined.' in C:\xampp\htdocs\yii\framework\base\CComponent.php:173
Stack trace:
#0 C:\xampp\htdocs\yii\framework\YiiBase.php(220): CComponent->__set('urlExpression', 'array("admin/cu...')
#1 C:\xampp\htdocs\yii\framework\zii\widgets\grid\CGridView.php(388): YiiBase::createComponent(Array, Object(CGridView))
#2 C:\xampp\htdocs\yii\framework\zii\widgets\grid\CGridView.php(359): CGridView->initColumns()
#3 C:\xampp\htdocs\yii\framework\web\CBaseController.php(147): CGridView->init()
#4 C:\xampp\htdocs\yii\framework\web\CBaseController.php(180): CBaseController->createWidget('zii.widgets.gri...', Array)
#5 C:\xampp\htdocs\sg_transactions\protected\views\booking\admin.php(77): CBaseController->widget('zii.widgets.gri...', Array)
#6 C:\xampp\htdocs\yii\framework\web\CBaseController.php(126): require('C:\\xampp\\htdocs...')
#7 C:\xampp\htdocs\yii\framework\web\CBaseController.php(95): CBaseController->renderInternal('C:\\xampp\\htdocs...', Array, true)
#8 C:\xampp\htdocs\yii\framework\web\CController.php(869): CBaseController->renderFile('C:\\xampp\\htdocs...', Array, true)
#9 C:\xampp\htdocs\yii\framework\web\CController.php(782): CController->renderPartial('admin', Array, true)
#10 C:\xampp\htdocs\sg_transactions\protected\controllers\BookingController.php(182): CController->render('admin', Array)
#11 C:\xampp\htdocs\yii\framework\web\actions\CInlineAction.php(49): BookingController->actionAdmin()
#12 C:\xampp\htdocs\yii\framework\web\CController.php(308): CInlineAction->runWithParams(Array)
#13 C:\xampp\htdocs\yii\framework\web\filters\CFilterChain.php(133): CController->runAction(Object(CInlineAction))
#14 C:\xampp\htdocs\yii\framework\web\filters\CFilter.php(40): CFilterChain->run()
#15 C:\xampp\htdocs\yii\framework\web\CController.php(1145): CFilter->filter(Object(CFilterChain))
#16 C:\xampp\htdocs\yii\framework\web\filters\CInlineFilter.php(58): CController->filterAccessControl(Object(CFilterChain))
#17 C:\xampp\htdocs\yii\framework\web\filters\CFilterChain.php(130): CInlineFilter->filter(Object(CFilterChain))
#18 C:\xampp\htdocs\yii\framework\web\CController.php(291): CFilterChain->run()
#19 C:\xampp\htdocs\yii\framework\web\CController.php(265): CController->runActionWithFilters(Object(CInlineAction), Array)
#20 C:\xampp\htdocs\yii\framework\web\CWebApplication.php(282): CController->run('admin')
#21 C:\xampp\htdocs\yii\framework\web\CWebApplication.php(141): CWebApplication->runController('booking/admin')
#22 C:\xampp\htdocs\yii\framework\base\CApplication.php(185): CWebApplication->processRequest()
#23 C:\xampp\htdocs\sg_transactions\index.php(13): CApplication->run()
#24 {main}
REQUEST_URI=/sg_transactions/index.php?r=booking/admin
HTTP_REFERER=http://localhost/sg_transactions/index.php?r=customerMaster/view&id=2
---
2016/12/17 10:50:16 [error] [php] include(YDataLinkColumn.php): failed to open stream: No such file or directory (C:\xampp\htdocs\yii\framework\YiiBase.php:432)
Stack trace:
#0 unknown(0): spl_autoload_call()
#1 C:\xampp\htdocs\yii\framework\YiiBase.php(303): class_exists()
#2 C:\xampp\htdocs\yii\framework\YiiBase.php(196): import()
#3 C:\xampp\htdocs\yii\framework\zii\widgets\grid\CGridView.php(388): createComponent()
#4 C:\xampp\htdocs\yii\framework\zii\widgets\grid\CGridView.php(359): CGridView->initColumns()
#5 C:\xampp\htdocs\yii\framework\web\CBaseController.php(147): CGridView->init()
#6 C:\xampp\htdocs\yii\framework\web\CBaseController.php(180): BookingController->createWidget()
#7 C:\xampp\htdocs\sg_transactions\protected\views\booking\admin.php(78): BookingController->widget()
#8 C:\xampp\htdocs\yii\framework\web\CBaseController.php(126): require()
#9 C:\xampp\htdocs\yii\framework\web\CBaseController.php(95): BookingController->renderInternal()
#10 C:\xampp\htdocs\yii\framework\web\CController.php(869): BookingController->renderFile()
#11 C:\xampp\htdocs\yii\framework\web\CController.php(782): BookingController->renderPartial()
#12 C:\xampp\htdocs\sg_transactions\protected\controllers\BookingController.php(182): BookingController->render()
#13 C:\xampp\htdocs\yii\framework\web\actions\CInlineAction.php(49): BookingController->actionAdmin()
#14 C:\xampp\htdocs\yii\framework\web\CController.php(308): CInlineAction->runWithParams()
#15 C:\xampp\htdocs\yii\framework\web\filters\CFilterChain.php(133): BookingController->runAction()
#16 C:\xampp\htdocs\yii\framework\web\filters\CFilter.php(40): CFilterChain->run()
#17 C:\xampp\htdocs\yii\framework\web\CController.php(1145): CAccessControlFilter->filter()
#18 C:\xampp\htdocs\yii\framework\web\filters\CInlineFilter.php(58): BookingController->filterAccessControl()
#19 C:\xampp\htdocs\yii\framework\web\filters\CFilterChain.php(130): CInlineFilter->filter()
#20 C:\xampp\htdocs\yii\framework\web\CController.php(291): CFilterChain->run()
#21 C:\xampp\htdocs\yii\framework\web\CController.php(265): BookingController->runActionWithFilters()
#22 C:\xampp\htdocs\yii\framework\web\CWebApplication.php(282): BookingController->run()
#23 C:\xampp\htdocs\yii\framework\web\CWebApplication.php(141): CWebApplication->runController()
#24 C:\xampp\htdocs\yii\framework\base\CApplication.php(185): CWebApplication->processRequest()
#25 C:\xampp\htdocs\sg_transactions\index.php(13): CWebApplication->run()
REQUEST_URI=/sg_transactions/index.php?r=booking/admin
in C:\xampp\htdocs\sg_transactions\protected\views\booking\admin.php (78)
in C:\xampp\htdocs\sg_transactions\protected\controllers\BookingController.php (182)
in C:\xampp\htdocs\sg_transactions\index.php (13)
2016/12/17 10:53:40 [error] [php] Undefined variable: data (C:\xampp\htdocs\sg_transactions\protected\views\booking\admin.php:53)
Stack trace:
#0 C:\xampp\htdocs\yii\framework\web\CController.php(869): BookingController->renderFile()
#1 C:\xampp\htdocs\yii\framework\web\CController.php(782): BookingController->renderPartial()
#2 C:\xampp\htdocs\sg_transactions\protected\controllers\BookingController.php(182): BookingController->render()
#3 C:\xampp\htdocs\yii\framework\web\actions\CInlineAction.php(49): BookingController->actionAdmin()
#4 C:\xampp\htdocs\yii\framework\web\CController.php(308): CInlineAction->runWithParams()
#5 C:\xampp\htdocs\yii\framework\web\filters\CFilterChain.php(133): BookingController->runAction()
#6 C:\xampp\htdocs\yii\framework\web\filters\CFilter.php(40): CFilterChain->run()
#7 C:\xampp\htdocs\yii\framework\web\CController.php(1145): CAccessControlFilter->filter()
#8 C:\xampp\htdocs\yii\framework\web\filters\CInlineFilter.php(58): BookingController->filterAccessControl()
#9 C:\xampp\htdocs\yii\framework\web\filters\CFilterChain.php(130): CInlineFilter->filter()
#10 C:\xampp\htdocs\yii\framework\web\CController.php(291): CFilterChain->run()
#11 C:\xampp\htdocs\yii\framework\web\CController.php(265): BookingController->runActionWithFilters()
#12 C:\xampp\htdocs\yii\framework\web\CWebApplication.php(282): BookingController->run()
#13 C:\xampp\htdocs\yii\framework\web\CWebApplication.php(141): CWebApplication->runController()
#14 C:\xampp\htdocs\yii\framework\base\CApplication.php(185): CWebApplication->processRequest()
#15 C:\xampp\htdocs\sg_transactions\index.php(13): CWebApplication->run()
REQUEST_URI=/sg_transactions/index.php?r=booking/admin
in C:\xampp\htdocs\sg_transactions\protected\views\booking\admin.php (53)
in C:\xampp\htdocs\sg_transactions\protected\controllers\BookingController.php (182)
in C:\xampp\htdocs\sg_transactions\index.php (13)
2016/12/17 10:54:20 [error] [php] Undefined variable: data (C:\xampp\htdocs\sg_transactions\protected\views\booking\admin.php:53)
Stack trace:
#0 C:\xampp\htdocs\yii\framework\web\CController.php(869): BookingController->renderFile()
#1 C:\xampp\htdocs\yii\framework\web\CController.php(782): BookingController->renderPartial()
#2 C:\xampp\htdocs\sg_transactions\protected\controllers\BookingController.php(182): BookingController->render()
#3 C:\xampp\htdocs\yii\framework\web\actions\CInlineAction.php(49): BookingController->actionAdmin()
#4 C:\xampp\htdocs\yii\framework\web\CController.php(308): CInlineAction->runWithParams()
#5 C:\xampp\htdocs\yii\framework\web\filters\CFilterChain.php(133): BookingController->runAction()
#6 C:\xampp\htdocs\yii\framework\web\filters\CFilter.php(40): CFilterChain->run()
#7 C:\xampp\htdocs\yii\framework\web\CController.php(1145): CAccessControlFilter->filter()
#8 C:\xampp\htdocs\yii\framework\web\filters\CInlineFilter.php(58): BookingController->filterAccessControl()
#9 C:\xampp\htdocs\yii\framework\web\filters\CFilterChain.php(130): CInlineFilter->filter()
#10 C:\xampp\htdocs\yii\framework\web\CController.php(291): CFilterChain->run()
#11 C:\xampp\htdocs\yii\framework\web\CController.php(265): BookingController->runActionWithFilters()
#12 C:\xampp\htdocs\yii\framework\web\CWebApplication.php(282): BookingController->run()
#13 C:\xampp\htdocs\yii\framework\web\CWebApplication.php(141): CWebApplication->runController()
#14 C:\xampp\htdocs\yii\framework\base\CApplication.php(185): CWebApplication->processRequest()
#15 C:\xampp\htdocs\sg_transactions\index.php(13): CWebApplication->run()
REQUEST_URI=/sg_transactions/index.php?r=booking/admin
in C:\xampp\htdocs\sg_transactions\protected\views\booking\admin.php (53)
in C:\xampp\htdocs\sg_transactions\protected\controllers\BookingController.php (182)
in C:\xampp\htdocs\sg_transactions\index.php (13)
